2024-08-07 09:44:54.694 +05 [6064] СООБЩЕНИЕ:  работа системы БД была прервана; последний момент работы: 2024-08-06 10:57:34 +05
2024-08-07 09:44:56.091 +05 [6064] СООБЩЕНИЕ:  unrecognized win32 error code: 395
2024-08-07 09:44:56.092 +05 [6064] СООБЩЕНИЕ:  не удалось открыть файл "./base/22052/1418": Invalid argument
2024-08-07 09:44:56.116 +05 [6064] СООБЩЕНИЕ:  unrecognized win32 error code: 395
2024-08-07 09:44:56.116 +05 [6064] СООБЩЕНИЕ:  не удалось открыть файл "./base/22052/14830": Invalid argument
2024-08-07 09:44:56.128 +05 [6064] СООБЩЕНИЕ:  unrecognized win32 error code: 395
2024-08-07 09:44:56.128 +05 [6064] СООБЩЕНИЕ:  не удалось открыть файл "./base/22052/14835": Invalid argument
2024-08-07 09:44:56.151 +05 [6064] СООБЩЕНИЕ:  unrecognized win32 error code: 395
2024-08-07 09:44:56.151 +05 [6064] СООБЩЕНИЕ:  не удалось открыть файл "./base/22052/14840": Invalid argument
2024-08-07 09:44:56.156 +05 [6064] СООБЩЕНИЕ:  unrecognized win32 error code: 395
2024-08-07 09:44:56.156 +05 [6064] СООБЩЕНИЕ:  не удалось открыть файл "./base/22052/14845": Invalid argument
2024-08-07 09:44:56.163 +05 [6064] СООБЩЕНИЕ:  unrecognized win32 error code: 395
2024-08-07 09:44:56.163 +05 [6064] СООБЩЕНИЕ:  не удалось открыть файл "./base/22052/2328": Invalid argument
2024-08-07 09:44:56.164 +05 [6064] СООБЩЕНИЕ:  unrecognized win32 error code: 395
2024-08-07 09:44:56.164 +05 [6064] СООБЩЕНИЕ:  не удалось открыть файл "./base/22052/2336": Invalid argument
2024-08-07 09:44:56.209 +05 [6064] СООБЩЕНИЕ:  unrecognized win32 error code: 395
2024-08-07 09:44:56.209 +05 [6064] СООБЩЕНИЕ:  не удалось открыть файл "./base/22052/2611": Invalid argument
2024-08-07 09:44:56.213 +05 [6064] СООБЩЕНИЕ:  unrecognized win32 error code: 395
2024-08-07 09:44:56.213 +05 [6064] СООБЩЕНИЕ:  не удалось открыть файл "./base/22052/2613": Invalid argument
2024-08-07 09:44:56.322 +05 [6064] СООБЩЕНИЕ:  unrecognized win32 error code: 395
2024-08-07 09:44:56.322 +05 [6064] СООБЩЕНИЕ:  не удалось открыть файл "./base/22052/2830": Invalid argument
2024-08-07 09:44:56.324 +05 [6064] СООБЩЕНИЕ:  unrecognized win32 error code: 395
2024-08-07 09:44:56.324 +05 [6064] СООБЩЕНИЕ:  не удалось открыть файл "./base/22052/2832": Invalid argument
2024-08-07 09:44:56.326 +05 [6064] СООБЩЕНИЕ:  unrecognized win32 error code: 395
2024-08-07 09:44:56.326 +05 [6064] СООБЩЕНИЕ:  не удалось открыть файл "./base/22052/2834": Invalid argument
2024-08-07 09:44:56.339 +05 [6064] СООБЩЕНИЕ:  unrecognized win32 error code: 395
2024-08-07 09:44:56.339 +05 [6064] СООБЩЕНИЕ:  не удалось открыть файл "./base/22052/2995": Invalid argument
2024-08-07 09:44:56.350 +05 [6064] СООБЩЕНИЕ:  unrecognized win32 error code: 395
2024-08-07 09:44:56.350 +05 [6064] СООБЩЕНИЕ:  не удалось открыть файл "./base/22052/3118": Invalid argument
2024-08-07 09:44:56.353 +05 [6064] СООБЩЕНИЕ:  unrecognized win32 error code: 395
2024-08-07 09:44:56.353 +05 [6064] СООБЩЕНИЕ:  не удалось открыть файл "./base/22052/3256": Invalid argument
2024-08-07 09:44:56.355 +05 [6064] СООБЩЕНИЕ:  unrecognized win32 error code: 395
2024-08-07 09:44:56.356 +05 [6064] СООБЩЕНИЕ:  не удалось открыть файл "./base/22052/3350": Invalid argument
2024-08-07 09:44:56.359 +05 [6064] СООБЩЕНИЕ:  unrecognized win32 error code: 395
2024-08-07 09:44:56.359 +05 [6064] СООБЩЕНИЕ:  не удалось открыть файл "./base/22052/3381": Invalid argument
2024-08-07 09:44:56.364 +05 [6064] СООБЩЕНИЕ:  unrecognized win32 error code: 395
2024-08-07 09:44:56.364 +05 [6064] СООБЩЕНИЕ:  не удалось открыть файл "./base/22052/3429": Invalid argument
2024-08-07 09:44:56.365 +05 [6064] СООБЩЕНИЕ:  unrecognized win32 error code: 395
2024-08-07 09:44:56.365 +05 [6064] СООБЩЕНИЕ:  не удалось открыть файл "./base/22052/3430": Invalid argument
2024-08-07 09:44:56.368 +05 [6064] СООБЩЕНИЕ:  unrecognized win32 error code: 395
2024-08-07 09:44:56.368 +05 [6064] СООБЩЕНИЕ:  не удалось открыть файл "./base/22052/3439": Invalid argument
2024-08-07 09:44:56.374 +05 [6064] СООБЩЕНИЕ:  unrecognized win32 error code: 395
2024-08-07 09:44:56.374 +05 [6064] СООБЩЕНИЕ:  не удалось открыть файл "./base/22052/3466": Invalid argument
2024-08-07 09:44:56.395 +05 [6064] СООБЩЕНИЕ:  unrecognized win32 error code: 395
2024-08-07 09:44:56.395 +05 [6064] СООБЩЕНИЕ:  не удалось открыть файл "./base/22052/3501": Invalid argument
2024-08-07 09:44:56.452 +05 [6064] СООБЩЕНИЕ:  unrecognized win32 error code: 395
2024-08-07 09:44:56.452 +05 [6064] СООБЩЕНИЕ:  не удалось открыть файл "./base/22052/3576": Invalid argument
2024-08-07 09:44:56.453 +05 [6064] СООБЩЕНИЕ:  unrecognized win32 error code: 395
2024-08-07 09:44:56.453 +05 [6064] СООБЩЕНИЕ:  не удалось открыть файл "./base/22052/3596": Invalid argument
2024-08-07 09:44:56.455 +05 [6064] СООБЩЕНИЕ:  unrecognized win32 error code: 395
2024-08-07 09:44:56.455 +05 [6064] СООБЩЕНИЕ:  не удалось открыть файл "./base/22052/3598": Invalid argument
2024-08-07 09:44:56.481 +05 [6064] СООБЩЕНИЕ:  unrecognized win32 error code: 395
2024-08-07 09:44:56.481 +05 [6064] СООБЩЕНИЕ:  не удалось открыть файл "./base/22052/4143": Invalid argument
2024-08-07 09:44:56.483 +05 [6064] СООБЩЕНИЕ:  unrecognized win32 error code: 395
2024-08-07 09:44:56.484 +05 [6064] СООБЩЕНИЕ:  не удалось открыть файл "./base/22052/4145": Invalid argument
2024-08-07 09:44:56.486 +05 [6064] СООБЩЕНИЕ:  unrecognized win32 error code: 395
2024-08-07 09:44:56.486 +05 [6064] СООБЩЕНИЕ:  не удалось открыть файл "./base/22052/4147": Invalid argument
2024-08-07 09:44:56.488 +05 [6064] СООБЩЕНИЕ:  unrecognized win32 error code: 395
2024-08-07 09:44:56.488 +05 [6064] СООБЩЕНИЕ:  не удалось открыть файл "./base/22052/4149": Invalid argument
2024-08-07 09:44:56.490 +05 [6064] СООБЩЕНИЕ:  unrecognized win32 error code: 395
2024-08-07 09:44:56.490 +05 [6064] СООБЩЕНИЕ:  не удалось открыть файл "./base/22052/4151": Invalid argument
2024-08-07 09:44:56.492 +05 [6064] СООБЩЕНИЕ:  unrecognized win32 error code: 395
2024-08-07 09:44:56.492 +05 [6064] СООБЩЕНИЕ:  не удалось открыть файл "./base/22052/4153": Invalid argument
2024-08-07 09:44:56.494 +05 [6064] СООБЩЕНИЕ:  unrecognized win32 error code: 395
2024-08-07 09:44:56.494 +05 [6064] СООБЩЕНИЕ:  не удалось открыть файл "./base/22052/4155": Invalid argument
2024-08-07 09:44:56.496 +05 [6064] СООБЩЕНИЕ:  unrecognized win32 error code: 395
2024-08-07 09:44:56.496 +05 [6064] СООБЩЕНИЕ:  не удалось открыть файл "./base/22052/4157": Invalid argument
2024-08-07 09:44:56.498 +05 [6064] СООБЩЕНИЕ:  unrecognized win32 error code: 395
2024-08-07 09:44:56.498 +05 [6064] СООБЩЕНИЕ:  не удалось открыть файл "./base/22052/4159": Invalid argument
2024-08-07 09:44:56.499 +05 [6064] СООБЩЕНИЕ:  unrecognized win32 error code: 395
2024-08-07 09:44:56.499 +05 [6064] СООБЩЕНИЕ:  не удалось открыть файл "./base/22052/4163": Invalid argument
2024-08-07 09:44:56.501 +05 [6064] СООБЩЕНИЕ:  unrecognized win32 error code: 395
2024-08-07 09:44:56.502 +05 [6064] СООБЩЕНИЕ:  не удалось открыть файл "./base/22052/4165": Invalid argument
2024-08-07 09:44:56.503 +05 [6064] СООБЩЕНИЕ:  unrecognized win32 error code: 395
2024-08-07 09:44:56.503 +05 [6064] СООБЩЕНИЕ:  не удалось открыть файл "./base/22052/4167": Invalid argument
2024-08-07 09:44:56.505 +05 [6064] СООБЩЕНИЕ:  unrecognized win32 error code: 395
2024-08-07 09:44:56.505 +05 [6064] СООБЩЕНИЕ:  не удалось открыть файл "./base/22052/4169": Invalid argument
2024-08-07 09:44:56.507 +05 [6064] СООБЩЕНИЕ:  unrecognized win32 error code: 395
2024-08-07 09:44:56.507 +05 [6064] СООБЩЕНИЕ:  не удалось открыть файл "./base/22052/4171": Invalid argument
2024-08-07 09:44:56.510 +05 [6064] СООБЩЕНИЕ:  unrecognized win32 error code: 395
2024-08-07 09:44:56.510 +05 [6064] СООБЩЕНИЕ:  не удалось открыть файл "./base/22052/4173": Invalid argument
2024-08-07 09:44:56.514 +05 [6064] СООБЩЕНИЕ:  unrecognized win32 error code: 395
2024-08-07 09:44:56.514 +05 [6064] СООБЩЕНИЕ:  не удалось открыть файл "./base/22052/6102": Invalid argument
2024-08-07 09:44:56.515 +05 [6064] СООБЩЕНИЕ:  unrecognized win32 error code: 395
2024-08-07 09:44:56.515 +05 [6064] СООБЩЕНИЕ:  не удалось открыть файл "./base/22052/6104": Invalid argument
2024-08-07 09:44:56.515 +05 [6064] СООБЩЕНИЕ:  unrecognized win32 error code: 395
2024-08-07 09:44:56.515 +05 [6064] СООБЩЕНИЕ:  не удалось открыть файл "./base/22052/6106": Invalid argument
2024-08-07 09:44:56.560 +05 [6064] СООБЩЕНИЕ:  unrecognized win32 error code: 395
2024-08-07 09:44:56.560 +05 [6064] СООБЩЕНИЕ:  не удалось открыть файл "./base/22052/6175": Invalid argument
2024-08-07 09:44:56.562 +05 [6064] СООБЩЕНИЕ:  unrecognized win32 error code: 395
2024-08-07 09:44:56.562 +05 [6064] СООБЩЕНИЕ:  не удалось открыть файл "./base/22052/6228": Invalid argument
2024-08-07 09:44:56.563 +05 [6064] СООБЩЕНИЕ:  unrecognized win32 error code: 395
2024-08-07 09:44:56.563 +05 [6064] СООБЩЕНИЕ:  не удалось открыть файл "./base/22052/6237": Invalid argument
2024-08-07 09:44:56.566 +05 [6064] СООБЩЕНИЕ:  unrecognized win32 error code: 395
2024-08-07 09:44:56.566 +05 [6064] СООБЩЕНИЕ:  не удалось открыть файл "./base/22052/826": Invalid argument
2024-08-07 09:44:57.895 +05 [6064] СООБЩЕНИЕ:  система БД была остановлена нештатно; производится автоматическое восстановление
2024-08-07 09:44:57.919 +05 [6064] СООБЩЕНИЕ:  запись REDO начинается со смещения 0/F94AD48
2024-08-07 09:44:57.920 +05 [6064] СООБЩЕНИЕ:  неверная длина записи в позиции 0/F94AE30: ожидалось минимум 24, получено 0
2024-08-07 09:44:57.920 +05 [6064] СООБЩЕНИЕ:  записи REDO обработаны до смещения 0/F94ADF8, нагрузка системы: CPU: пользов.: 0.00 с, система: 0.00 с, прошло: 0.00 с
2024-08-07 09:44:57.971 +05 [6016] СООБЩЕНИЕ:  начата контрольная точка: end-of-recovery immediate wait
2024-08-07 09:44:58.140 +05 [6016] СООБЩЕНИЕ:  контрольная точка завершена: записано буферов: 3 (0.0%); добавлено файлов WAL 0, удалено: 0, переработано: 0; запись=0.003 сек., синхр.=0.043 сек., всего=0.197 сек.; синхронизировано_файлов=2, самая_долгая_синхр.=0.031 сек., средняя=0.022 сек.; расстояние=0 kB, ожидалось=0 kB; lsn=0/F94AE30, lsn redo=0/F94AE30
