2024-07-30 10:33:14.636 +05 [5804] СООБЩЕНИЕ:  начата контрольная точка: immediate force wait
2024-07-30 10:33:15.135 +05 [5804] СООБЩЕНИЕ:  контрольная точка завершена: записано буферов: 8 (0.0%); добавлено файлов WAL 0, удалено: 0, переработано: 0; запись=0.117 сек., синхр.=0.208 сек., всего=0.503 сек.; синхронизировано_файлов=8, самая_долгая_синхр.=0.046 сек., средняя=0.026 сек.; расстояние=5216 kB, ожидалось=5216 kB; lsn=0/598BF90, lsn redo=0/598BF58
2024-07-30 10:38:14.152 +05 [5804] СООБЩЕНИЕ:  начата контрольная точка: time
2024-07-30 10:38:14.692 +05 [5804] СООБЩЕНИЕ:  контрольная точка завершена: записано буферов: 4 (0.0%); добавлено файлов WAL 0, удалено: 0, переработано: 0; запись=0.348 сек., синхр.=0.081 сек., всего=0.540 сек.; синхронизировано_файлов=4, самая_долгая_синхр.=0.029 сек., средняя=0.021 сек.; расстояние=8 kB, ожидалось=4695 kB; lsn=0/598E0A8, lsn redo=0/598E070
2024-07-30 11:12:41.006 +05 [5804] СООБЩЕНИЕ:  начата контрольная точка: immediate force wait
2024-07-30 11:12:41.385 +05 [5804] СООБЩЕНИЕ:  контрольная точка завершена: записано буферов: 7 (0.0%); добавлено файлов WAL 0, удалено: 0, переработано: 0; запись=0.015 сек., синхр.=0.193 сек., всего=0.379 сек.; синхронизировано_файлов=7, самая_долгая_синхр.=0.045 сек., средняя=0.028 сек.; расстояние=5221 kB, ожидалось=5221 kB; lsn=0/5EA7608, lsn redo=0/5EA75D0
2024-07-30 11:13:12.358 +05 [5804] СООБЩЕНИЕ:  начата контрольная точка: immediate force wait
2024-07-30 11:13:12.789 +05 [5804] СООБЩЕНИЕ:  контрольная точка завершена: записано буферов: 11 (0.1%); добавлено файлов WAL 0, удалено: 0, переработано: 1; запись=0.028 сек., синхр.=0.248 сек., всего=0.431 сек.; синхронизировано_файлов=10, самая_долгая_синхр.=0.039 сек., средняя=0.025 сек.; расстояние=5244 kB, ожидалось=5244 kB; lsn=0/63C66A8, lsn redo=0/63C6670
2024-07-30 11:13:42.089 +05 [5804] СООБЩЕНИЕ:  начата контрольная точка: immediate force wait
2024-07-30 11:13:42.365 +05 [5804] СООБЩЕНИЕ:  контрольная точка завершена: записано буферов: 8 (0.0%); добавлено файлов WAL 0, удалено: 0, переработано: 0; запись=0.007 сек., синхр.=0.152 сек., всего=0.276 сек.; синхронизировано_файлов=8, самая_долгая_синхр.=0.031 сек., средняя=0.019 сек.; расстояние=5229 kB, ожидалось=5242 kB; lsn=0/68E1DE8, lsn redo=0/68E1DB0
2024-07-30 11:18:42.386 +05 [5804] СООБЩЕНИЕ:  начата контрольная точка: time
2024-07-30 11:19:04.470 +05 [5804] СООБЩЕНИЕ:  контрольная точка завершена: записано буферов: 202 (1.2%); добавлено файлов WAL 0, удалено: 0, переработано: 0; запись=21.705 сек., синхр.=0.231 сек., всего=22.084 сек.; синхронизировано_файлов=10, самая_долгая_синхр.=0.042 сек., средняя=0.024 сек.; расстояние=5318 kB, ожидалось=5318 kB; lsn=0/6E16620, lsn redo=0/6E13738
2024-07-30 11:19:04.498 +05 [5804] СООБЩЕНИЕ:  начата контрольная точка: immediate force wait
2024-07-30 11:19:04.636 +05 [5804] СООБЩЕНИЕ:  контрольная точка завершена: записано буферов: 1 (0.0%); добавлено файлов WAL 0, удалено: 0, переработано: 0; запись=0.002 сек., синхр.=0.028 сек., всего=0.139 сек.; синхронизировано_файлов=1, самая_долгая_синхр.=0.028 сек., средняя=0.028 сек.; расстояние=11 kB, ожидалось=4787 kB; lsn=0/6E166D0, lsn redo=0/6E16698
2024-07-30 11:19:10.425 +05 [30744] РЎРћРћР‘Р©Р•РќРР•:  РЅРµ СѓРґР°Р»РѕСЃСЊ РїРѕР»СѓС‡РёС‚СЊ РґР°РЅРЅС‹Рµ РѕС‚ РєР»РёРµРЅС‚Р°: An existing connection was forcibly closed by the remote host.
	
2024-07-30 11:24:04.683 +05 [5804] СООБЩЕНИЕ:  начата контрольная точка: time
2024-07-30 11:24:05.553 +05 [5804] СООБЩЕНИЕ:  контрольная точка завершена: записано буферов: 5 (0.0%); добавлено файлов WAL 0, удалено: 0, переработано: 0; запись=0.493 сек., синхр.=0.147 сек., всего=0.874 сек.; синхронизировано_файлов=5, самая_долгая_синхр.=0.057 сек., средняя=0.030 сек.; расстояние=13 kB, ожидалось=4310 kB; lsn=0/6E19CA8, lsn redo=0/6E19C70
2024-07-30 11:43:49.552 +05 [5804] СООБЩЕНИЕ:  начата контрольная точка: immediate force wait
2024-07-30 11:43:49.968 +05 [5804] СООБЩЕНИЕ:  контрольная точка завершена: записано буферов: 7 (0.0%); добавлено файлов WAL 0, удалено: 0, переработано: 1; запись=0.032 сек., синхр.=0.186 сек., всего=0.416 сек.; синхронизировано_файлов=7, самая_долгая_синхр.=0.041 сек., средняя=0.027 сек.; расстояние=5297 kB, ожидалось=5297 kB; lsn=0/7346490, lsn redo=0/7346458
2024-07-30 11:48:49.023 +05 [5804] СООБЩЕНИЕ:  начата контрольная точка: time
2024-07-30 11:50:55.272 +05 [5804] СООБЩЕНИЕ:  контрольная точка завершена: записано буферов: 1071 (6.5%); добавлено файлов WAL 0, удалено: 0, переработано: 0; запись=121.903 сек., синхр.=4.233 сек., всего=126.249 сек.; синхронизировано_файлов=441, самая_долгая_синхр.=0.055 сек., средняя=0.010 сек.; расстояние=5321 kB, ожидалось=5321 kB; lsn=0/7878990, lsn redo=0/7878958
2024-07-30 11:52:56.963 +05 [5804] СООБЩЕНИЕ:  начата контрольная точка: immediate force wait
2024-07-30 11:52:57.159 +05 [5804] СООБЩЕНИЕ:  контрольная точка завершена: записано буферов: 3 (0.0%); добавлено файлов WAL 0, удалено: 0, переработано: 0; запись=0.003 сек., синхр.=0.083 сек., всего=0.197 сек.; синхронизировано_файлов=3, самая_долгая_синхр.=0.037 сек., средняя=0.028 сек.; расстояние=12 kB, ожидалось=4790 kB; lsn=0/787BA68, lsn redo=0/787BA30
2024-07-30 11:57:56.171 +05 [5804] СООБЩЕНИЕ:  начата контрольная точка: time
2024-07-30 11:57:56.951 +05 [5804] СООБЩЕНИЕ:  контрольная точка завершена: записано буферов: 6 (0.0%); добавлено файлов WAL 0, удалено: 0, переработано: 0; запись=0.569 сек., синхр.=0.116 сек., всего=0.780 сек.; синхронизировано_файлов=5, самая_долгая_синхр.=0.039 сек., средняя=0.023 сек.; расстояние=20 kB, ожидалось=4313 kB; lsn=0/7880E18, lsn redo=0/7880DE0
2024-07-30 12:47:37.748 +05 [5804] СООБЩЕНИЕ:  начата контрольная точка: immediate force wait
2024-07-30 12:47:38.101 +05 [5804] СООБЩЕНИЕ:  контрольная точка завершена: записано буферов: 7 (0.0%); добавлено файлов WAL 0, удалено: 0, переработано: 0; запись=0.063 сек., синхр.=0.149 сек., всего=0.354 сек.; синхронизировано_файлов=7, самая_долгая_синхр.=0.043 сек., средняя=0.022 сек.; расстояние=5224 kB, ожидалось=5224 kB; lsn=0/7D9AE88, lsn redo=0/7D9AE50
2024-07-30 12:48:43.799 +05 [5804] СООБЩЕНИЕ:  начата контрольная точка: immediate force wait
2024-07-30 12:48:44.281 +05 [5804] СООБЩЕНИЕ:  контрольная точка завершена: записано буферов: 10 (0.1%); добавлено файлов WAL 0, удалено: 0, переработано: 1; запись=0.020 сек., синхр.=0.219 сек., всего=0.482 сек.; синхронизировано_файлов=10, самая_долгая_синхр.=0.049 сек., средняя=0.022 сек.; расстояние=5244 kB, ожидалось=5244 kB; lsn=0/82BA0E8, lsn redo=0/82BA0B0
2024-07-30 12:50:18.525 +05 [5804] СООБЩЕНИЕ:  начата контрольная точка: immediate force wait
2024-07-30 12:50:19.278 +05 [5804] СООБЩЕНИЕ:  контрольная точка завершена: записано буферов: 9 (0.1%); добавлено файлов WAL 0, удалено: 0, переработано: 0; запись=0.013 сек., синхр.=0.374 сек., всего=0.754 сек.; синхронизировано_файлов=9, самая_долгая_синхр.=0.081 сек., средняя=0.042 сек.; расстояние=5232 kB, ожидалось=5243 kB; lsn=0/87D60F8, lsn redo=0/87D60C0
2024-07-30 12:55:18.292 +05 [5804] СООБЩЕНИЕ:  начата контрольная точка: time
2024-07-30 12:55:20.481 +05 [5804] СООБЩЕНИЕ:  контрольная точка завершена: записано буферов: 15 (0.1%); добавлено файлов WAL 0, удалено: 0, переработано: 0; запись=1.645 сек., синхр.=0.393 сек., всего=2.190 сек.; синхронизировано_файлов=11, самая_долгая_синхр.=0.075 сек., средняя=0.036 сек.; расстояние=66 kB, ожидалось=4725 kB; lsn=0/87E6A30, lsn redo=0/87E69F8
