2024-10-26 00:16:48.601 +05 [12416] СООБЩЕНИЕ:  система БД была выключена: 2024-10-26 00:16:39 +05
2024-10-26 00:21:48.551 +05 [11440] СООБЩЕНИЕ:  начата контрольная точка: time
2024-10-26 00:22:51.391 +05 [14832] РћРЁРР‘РљРђ:  РѕС€РёР±РєР° СЃРёРЅС‚Р°РєСЃРёСЃР° (РїСЂРёРјРµСЂРЅРѕРµ РїРѕР»РѕР¶РµРЅРёРµ: ""123456789"") (СЃРёРјРІРѕР» 42)
2024-10-26 00:22:51.391 +05 [14832] РћРџР•Р РђРўРћР :  CREATE ROLE store_username with password "123456789";
2024-10-26 00:23:40.135 +05 [11440] СООБЩЕНИЕ:  контрольная точка завершена: записано буферов: 1009 (6.2%); добавлено файлов WAL 0, удалено: 0, переработано: 0; запись=110.777 сек., синхр.=0.774 сек., всего=111.605 сек.; синхронизировано_файлов=310, самая_долгая_синхр.=0.020 сек., средняя=0.003 сек.; расстояние=4787 kB, ожидалось=4787 kB; lsn=0/1A20A98, lsn redo=0/1A1FBD0
2024-10-26 00:25:22.412 +05 [14832] РћРЁРР‘РљРђ:  РѕС€РёР±РєР° СЃРёРЅС‚Р°РєСЃРёСЃР° (РїСЂРёРјРµСЂРЅРѕРµ РїРѕР»РѕР¶РµРЅРёРµ: "'store_db'") (СЃРёРјРІРѕР» 34)
2024-10-26 00:25:22.412 +05 [14832] РћРџР•Р РђРўРћР :  GRANT ALL PRIVILEGES ON DATABASE 'store_db' to store_username;
2024-10-26 00:26:33.813 +05 [10568] РћРЁРР‘РљРђ:  РЅРµС‚ РґРѕСЃС‚СѓРїР° Рє СЃС…РµРјРµ public (СЃРёРјРІРѕР» 14)
2024-10-26 00:26:33.813 +05 [10568] РћРџР•Р РђРўРћР :  CREATE TABLE "django_migrations" ("id" bigint NOT NULL PRIMARY KEY GENERATED BY DEFAULT AS IDENTITY, "app" varchar(255) NOT NULL, "name" varchar(255) NOT NULL, "applied" timestamp with time zone NOT NULL)
2024-10-26 00:26:48.128 +05 [11440] СООБЩЕНИЕ:  начата контрольная точка: time
2024-10-26 00:26:49.610 +05 [11440] СООБЩЕНИЕ:  контрольная точка завершена: записано буферов: 14 (0.1%); добавлено файлов WAL 0, удалено: 0, переработано: 0; запись=1.419 сек., синхр.=0.031 сек., всего=1.482 сек.; синхронизировано_файлов=10, самая_долгая_синхр.=0.005 сек., средняя=0.004 сек.; расстояние=13 kB, ожидалось=4310 kB; lsn=0/1A233A0, lsn redo=0/1A23348
2024-10-26 00:29:00.819 +05 [14888] РћРЁРР‘РљРђ:  РЅРµС‚ РґРѕСЃС‚СѓРїР° Рє СЃС…РµРјРµ public (СЃРёРјРІРѕР» 14)
2024-10-26 00:29:00.819 +05 [14888] РћРџР•Р РђРўРћР :  CREATE TABLE "django_migrations" ("id" bigint NOT NULL PRIMARY KEY GENERATED BY DEFAULT AS IDENTITY, "app" varchar(255) NOT NULL, "name" varchar(255) NOT NULL, "applied" timestamp with time zone NOT NULL)
2024-10-26 00:29:38.552 +05 [144] РћРЁРР‘РљРђ:  РЅРµС‚ РґРѕСЃС‚СѓРїР° Рє СЃС…РµРјРµ public (СЃРёРјРІРѕР» 14)
2024-10-26 00:29:38.552 +05 [144] РћРџР•Р РђРўРћР :  CREATE TABLE "django_migrations" ("id" bigint NOT NULL PRIMARY KEY GENERATED BY DEFAULT AS IDENTITY, "app" varchar(255) NOT NULL, "name" varchar(255) NOT NULL, "applied" timestamp with time zone NOT NULL)
2024-10-26 00:31:48.549 +05 [11440] СООБЩЕНИЕ:  начата контрольная точка: time
2024-10-26 00:31:50.154 +05 [11440] СООБЩЕНИЕ:  контрольная точка завершена: записано буферов: 14 (0.1%); добавлено файлов WAL 0, удалено: 0, переработано: 0; запись=1.548 сек., синхр.=0.014 сек., всего=1.611 сек.; синхронизировано_файлов=4, самая_долгая_синхр.=0.005 сек., средняя=0.004 сек.; расстояние=41 kB, ожидалось=3883 kB; lsn=0/1A2D8A0, lsn redo=0/1A2D848
2024-10-26 00:38:14.614 +05 [17108] РћРЁРР‘РљРђ:  РЅРµС‚ РґРѕСЃС‚СѓРїР° Рє СЃС…РµРјРµ public (СЃРёРјРІРѕР» 14)
2024-10-26 00:38:14.614 +05 [17108] РћРџР•Р РђРўРћР :  CREATE TABLE "django_migrations" ("id" bigint NOT NULL PRIMARY KEY GENERATED BY DEFAULT AS IDENTITY, "app" varchar(255) NOT NULL, "name" varchar(255) NOT NULL, "applied" timestamp with time zone NOT NULL)
2024-10-26 00:41:48.078 +05 [11440] СООБЩЕНИЕ:  начата контрольная точка: time
2024-10-26 00:41:49.157 +05 [11440] СООБЩЕНИЕ:  контрольная точка завершена: записано буферов: 10 (0.1%); добавлено файлов WAL 0, удалено: 0, переработано: 0; запись=1.005 сек., синхр.=0.038 сек., всего=1.083 сек.; синхронизировано_файлов=10, самая_долгая_синхр.=0.006 сек., средняя=0.004 сек.; расстояние=4 kB, ожидалось=3495 kB; lsn=0/1A2EB80, lsn redo=0/1A2EB28
2024-10-26 00:46:48.121 +05 [11440] СООБЩЕНИЕ:  начата контрольная точка: time
2024-10-26 00:47:12.493 +05 [11440] СООБЩЕНИЕ:  контрольная точка завершена: записано буферов: 217 (1.3%); добавлено файлов WAL 0, удалено: 0, переработано: 0; запись=23.985 сек., синхр.=0.311 сек., всего=24.373 сек.; синхронизировано_файлов=201, самая_долгая_синхр.=0.012 сек., средняя=0.002 сек.; расстояние=1094 kB, ожидалось=3255 kB; lsn=0/1B40788, lsn redo=0/1B406F8
2024-10-26 00:54:33.885 +05 [13132] РЎРћРћР‘Р©Р•РќРР•:  РЅРµ СѓРґР°Р»РѕСЃСЊ РїРѕР»СѓС‡РёС‚СЊ РґР°РЅРЅС‹Рµ РѕС‚ РєР»РёРµРЅС‚Р°: An existing connection was forcibly closed by the remote host.
	
2024-10-26 00:56:48.436 +05 [11440] СООБЩЕНИЕ:  начата контрольная точка: time
2024-10-26 00:56:51.640 +05 [11440] СООБЩЕНИЕ:  контрольная точка завершена: записано буферов: 27 (0.2%); добавлено файлов WAL 0, удалено: 0, переработано: 0; запись=2.993 сек., синхр.=0.033 сек., всего=3.205 сек.; синхронизировано_файлов=10, самая_долгая_синхр.=0.005 сек., средняя=0.004 сек.; расстояние=40 kB, ожидалось=2933 kB; lsn=0/1B4A968, lsn redo=0/1B4A910
2024-10-26 01:03:31.364 +05 [4832] РћРЁРР‘РљРђ:  Р±Р°Р·Р° РґР°РЅРЅС‹С… "store_db" Р·Р°РЅСЏС‚Р° РґСЂСѓРіРёРјРё РїРѕР»СЊР·РѕРІР°С‚РµР»СЏРјРё
2024-10-26 01:03:31.364 +05 [4832] РџРћР”Р РћР‘РќРћРЎРўР:  Р­С‚Р° Р±Р°Р·Р° РґР°РЅРЅС‹С… РёСЃРїРѕР»СЊР·СѓРµС‚СЃСЏ РµС‰С‘ РІ 2 СЃРµР°РЅСЃР°С….
2024-10-26 01:03:31.364 +05 [4832] РћРџР•Р РђРўРћР :  DROP DATABASE store_db;
2024-10-26 01:04:17.829 +05 [15944] ВАЖНО:  пользователь "postgres" не прошёл проверку подлинности (по паролю)
2024-10-26 01:04:17.829 +05 [15944] ПОДРОБНОСТИ:  Подключение соответствует строке 117 в "C:/Users/Zarina/Documents/myWorks/myCodes/Python/django/store-server/store/psql/data/pg_hba.conf": "host    all             all             ::1/128                 scram-sha-256"
2024-10-26 01:04:42.912 +05 [6364] РћРЁРР‘РљРђ:  РѕС€РёР±РєР° СЃРёРЅС‚Р°РєСЃРёСЃР° (РїСЂРёРјРµСЂРЅРѕРµ РїРѕР»РѕР¶РµРЅРёРµ: "=") (СЃРёРјРІРѕР» 68)
2024-10-26 01:04:42.912 +05 [6364] РћРџР•Р РђРўРћР :  SELECT pg_terminate_backend(pid)FROM pg_stat_activityWHERE datname = 'store_db' AND pid <> pg_backend_pid();
2024-10-26 01:05:27.734 +05 [6364] РћРЁРР‘РљРђ:  РѕС€РёР±РєР° СЃРёРЅС‚Р°РєСЃРёСЃР° (РїСЂРёРјРµСЂРЅРѕРµ РїРѕР»РѕР¶РµРЅРёРµ: "=") (СЃРёРјРІРѕР» 68)
2024-10-26 01:05:27.734 +05 [6364] РћРџР•Р РђРўРћР :  SELECT pg_terminate_backend(pid)FROM pg_stat_activityWHERE datname = 'store_db' AND pid <> pg_backend_pid();
2024-10-26 01:05:55.405 +05 [6364] РћРЁРР‘РљРђ:  РѕС€РёР±РєР° СЃРёРЅС‚Р°РєСЃРёСЃР° (РїСЂРёРјРµСЂРЅРѕРµ РїРѕР»РѕР¶РµРЅРёРµ: "=") (СЃРёРјРІРѕР» 68)
2024-10-26 01:05:55.405 +05 [6364] РћРџР•Р РђРўРћР :  SELECT pg_terminate_backend(pid)FROM pg_stat_activityWHERE datname = "store_db" AND pid <> pg_backend_pid();
2024-10-26 01:06:07.001 +05 [6364] РћРЁРР‘РљРђ:  РѕС€РёР±РєР° СЃРёРЅС‚Р°РєСЃРёСЃР° (РїСЂРёРјРµСЂРЅРѕРµ РїРѕР»РѕР¶РµРЅРёРµ: "=") (СЃРёРјРІРѕР» 67)
2024-10-26 01:06:07.001 +05 [6364] РћРџР•Р РђРўРћР :  SELECT pg_terminate_backend(pid)FROM pg_stat_activityWHERE datname="store_db" AND pid <> pg_backend_pid();
2024-10-26 01:06:38.706 +05 [5280] Р’РђР–РќРћ:  Р·Р°РєСЂС‹С‚РёРµ РїРѕРґРєР»СЋС‡РµРЅРёСЏ РїРѕ РєРѕРјР°РЅРґРµ Р°РґРјРёРЅРёСЃС‚СЂР°С‚РѕСЂР°
2024-10-26 01:06:38.707 +05 [13656] Р’РђР–РќРћ:  Р·Р°РєСЂС‹С‚РёРµ РїРѕРґРєР»СЋС‡РµРЅРёСЏ РїРѕ РєРѕРјР°РЅРґРµ Р°РґРјРёРЅРёСЃС‚СЂР°С‚РѕСЂР°
2024-10-26 01:08:00.926 +05 [6364] РћРЁРР‘РљРђ:  РѕС€РёР±РєР° СЃРёРЅС‚Р°РєСЃРёСЃР° (РїСЂРёРјРµСЂРЅРѕРµ РїРѕР»РѕР¶РµРЅРёРµ: "t") (СЃРёРјРІРѕР» 1)
2024-10-26 01:08:00.926 +05 [6364] РћРџР•Р РђРўРћР :  t
	 t
	(2 rows)----------------------
	 t
	 t
	(2 rows)
	SELECT pg_terminate_backend(pid) FROM pg_stat_activity WHERE datname = 'store_db' AND pid <> pg_backend_pid();
2024-10-26 01:09:14.198 +05 [6364] РћРЁРР‘РљРђ:  РѕС€РёР±РєР° СЃРёРЅС‚Р°РєСЃРёСЃР° (РїСЂРёРјРµСЂРЅРѕРµ РїРѕР»РѕР¶РµРЅРёРµ: "cls") (СЃРёРјРІРѕР» 1)
2024-10-26 01:09:14.198 +05 [6364] РћРџР•Р РђРўРћР :  cls
	clear
	SELECT pg_terminate_backend(pid)
	FROM pg_stat_activity
	WHERE datname = 'store_db' AND pid <> pg_backend_pid();
2024-10-26 01:10:08.025 +05 [11440] СООБЩЕНИЕ:  начата контрольная точка: immediate force wait
2024-10-26 01:10:08.080 +05 [11440] СООБЩЕНИЕ:  контрольная точка завершена: записано буферов: 3 (0.0%); добавлено файлов WAL 0, удалено: 0, переработано: 0; запись=0.007 сек., синхр.=0.013 сек., всего=0.055 сек.; синхронизировано_файлов=3, самая_долгая_синхр.=0.007 сек., средняя=0.005 сек.; расстояние=7 kB, ожидалось=2641 kB; lsn=0/1B4C5E8, lsn redo=0/1B4C590
2024-10-26 01:10:24.551 +05 [11924] ВАЖНО:  база данных "store_db" не существует
2024-10-26 01:10:24.614 +05 [7160] ВАЖНО:  база данных "store_db" не существует
2024-10-26 01:10:28.679 +05 [16836] ВАЖНО:  база данных "store_db" не существует
2024-10-26 01:10:28.738 +05 [12608] ВАЖНО:  база данных "store_db" не существует
2024-10-26 01:10:33.502 +05 [14584] ВАЖНО:  база данных "store_db" не существует
2024-10-26 01:10:33.556 +05 [6780] ВАЖНО:  база данных "store_db" не существует
2024-10-26 01:10:35.872 +05 [1056] ВАЖНО:  база данных "store_db" не существует
2024-10-26 01:10:36.045 +05 [11672] ВАЖНО:  база данных "store_db" не существует
2024-10-26 01:10:36.178 +05 [3972] ВАЖНО:  база данных "store_db" не существует
2024-10-26 01:10:36.251 +05 [6944] ВАЖНО:  база данных "store_db" не существует
2024-10-26 01:10:39.738 +05 [13856] ВАЖНО:  база данных "store_db" не существует
2024-10-26 01:10:39.927 +05 [3192] ВАЖНО:  база данных "store_db" не существует
2024-10-26 01:10:40.144 +05 [1152] ВАЖНО:  база данных "store_db" не существует
2024-10-26 01:10:40.306 +05 [14964] ВАЖНО:  база данных "store_db" не существует
2024-10-26 01:10:40.615 +05 [15256] ВАЖНО:  база данных "store_db" не существует
2024-10-26 01:10:40.784 +05 [7604] ВАЖНО:  база данных "store_db" не существует
2024-10-26 01:10:40.862 +05 [16572] ВАЖНО:  база данных "store_db" не существует
2024-10-26 01:10:40.917 +05 [5400] ВАЖНО:  база данных "store_db" не существует
2024-10-26 01:11:04.016 +05 [10416] ВАЖНО:  база данных "store_db" не существует
2024-10-26 01:11:04.086 +05 [15324] ВАЖНО:  база данных "store_db" не существует
2024-10-26 01:11:06.926 +05 [7428] ВАЖНО:  база данных "store_db" не существует
2024-10-26 01:11:06.991 +05 [6352] ВАЖНО:  база данных "store_db" не существует
2024-10-26 01:11:33.909 +05 [5816] ВАЖНО:  база данных "store_db" не существует
2024-10-26 01:11:33.971 +05 [6884] ВАЖНО:  база данных "store_db" не существует
2024-10-26 01:11:36.922 +05 [16992] ВАЖНО:  база данных "store_db" не существует
2024-10-26 01:11:36.992 +05 [6728] ВАЖНО:  база данных "store_db" не существует
2024-10-26 01:12:07.052 +05 [16836] ВАЖНО:  база данных "store_db" не существует
2024-10-26 01:12:07.120 +05 [16220] ВАЖНО:  база данных "store_db" не существует
2024-10-26 01:12:14.896 +05 [11664] ВАЖНО:  база данных "store_db" не существует
2024-10-26 01:12:15.067 +05 [11668] ВАЖНО:  база данных "store_db" не существует
2024-10-26 01:12:36.905 +05 [1152] ВАЖНО:  база данных "store_db" не существует
2024-10-26 01:12:36.970 +05 [14964] ВАЖНО:  база данных "store_db" не существует
2024-10-26 01:13:14.924 +05 [5400] ВАЖНО:  база данных "store_db" не существует
2024-10-26 01:13:14.986 +05 [10416] ВАЖНО:  база данных "store_db" не существует
2024-10-26 01:13:15.060 +05 [10212] ВАЖНО:  база данных "store_db" не существует
2024-10-26 01:13:15.127 +05 [14600] ВАЖНО:  база данных "store_db" не существует
2024-10-26 01:13:22.019 +05 [16924] ВАЖНО:  база данных "store_db" не существует
2024-10-26 01:14:14.918 +05 [14480] ВАЖНО:  база данных "store_db" не существует
2024-10-26 01:14:14.982 +05 [10920] ВАЖНО:  база данных "store_db" не существует
2024-10-26 01:14:15.057 +05 [12244] ВАЖНО:  база данных "store_db" не существует
2024-10-26 01:14:15.256 +05 [11784] ВАЖНО:  база данных "store_db" не существует
2024-10-26 01:15:08.070 +05 [11440] СООБЩЕНИЕ:  начата контрольная точка: time
2024-10-26 01:16:56.065 +05 [11440] СООБЩЕНИЕ:  контрольная точка завершена: записано буферов: 975 (6.0%); добавлено файлов WAL 0, удалено: 0, переработано: 0; запись=107.217 сек., синхр.=0.746 сек., всего=107.998 сек.; синхронизировано_файлов=434, самая_долгая_синхр.=0.016 сек., средняя=0.002 сек.; расстояние=4596 kB, ожидалось=4596 kB; lsn=0/20CDA70, lsn redo=0/1FC9838
2024-10-26 01:20:08.075 +05 [11440] СООБЩЕНИЕ:  начата контрольная точка: time
2024-10-26 01:20:28.520 +05 [11440] СООБЩЕНИЕ:  контрольная точка завершена: записано буферов: 183 (1.1%); добавлено файлов WAL 0, удалено: 0, переработано: 1; запись=20.113 сек., синхр.=0.281 сек., всего=20.447 сек.; синхронизировано_файлов=87, самая_долгая_синхр.=0.022 сек., средняя=0.004 сек.; расстояние=1042 kB, ожидалось=4241 kB; lsn=0/20CE170, lsn redo=0/20CE0E0
2024-10-26 01:25:08.513 +05 [11440] СООБЩЕНИЕ:  начата контрольная точка: time
2024-10-26 01:25:09.126 +05 [11440] СООБЩЕНИЕ:  контрольная точка завершена: записано буферов: 6 (0.0%); добавлено файлов WAL 0, удалено: 0, переработано: 0; запись=0.557 сек., синхр.=0.020 сек., всего=0.617 сек.; синхронизировано_файлов=6, самая_долгая_синхр.=0.005 сек., средняя=0.004 сек.; расстояние=4 kB, ожидалось=3817 kB; lsn=0/20CF158, lsn redo=0/20CF100
