2024-07-24 16:36:45.838 +05 [2224] СООБЩЕНИЕ:  система БД была выключена: 2024-07-24 16:36:22 +05
2024-07-24 16:41:45.833 +05 [5804] СООБЩЕНИЕ:  начата контрольная точка: time
2024-07-24 16:41:53.718 +05 [5804] СООБЩЕНИЕ:  контрольная точка завершена: записано буферов: 65 (0.4%); добавлено файлов WAL 0, удалено: 0, переработано: 0; запись=6.993 сек., синхр.=0.802 сек., всего=7.888 сек.; синхронизировано_файлов=30, самая_долгая_синхр.=0.062 сек., средняя=0.027 сек.; расстояние=324 kB, ожидалось=324 kB; lsn=0/15BF3C0, lsn redo=0/15BF388
2024-07-24 16:46:45.789 +05 [5804] СООБЩЕНИЕ:  начата контрольная точка: time
2024-07-24 16:46:47.157 +05 [5804] СООБЩЕНИЕ:  контрольная точка завершена: записано буферов: 6 (0.0%); добавлено файлов WAL 0, удалено: 0, переработано: 0; запись=1.083 сек., синхр.=0.143 сек., всего=1.368 сек.; синхронизировано_файлов=3, самая_долгая_синхр.=0.066 сек., средняя=0.048 сек.; расстояние=29 kB, ожидалось=294 kB; lsn=0/15C6B00, lsn redo=0/15C6AC8
2024-07-24 16:49:42.333 +05 [5804] СООБЩЕНИЕ:  начата контрольная точка: immediate force wait
2024-07-24 16:49:42.678 +05 [5804] СООБЩЕНИЕ:  контрольная точка завершена: записано буферов: 8 (0.0%); добавлено файлов WAL 0, удалено: 0, переработано: 0; запись=0.007 сек., синхр.=0.203 сек., всего=0.346 сек.; синхронизировано_файлов=8, самая_долгая_синхр.=0.061 сек., средняя=0.026 сек.; расстояние=4582 kB, ожидалось=4582 kB; lsn=0/1A40368, lsn redo=0/1A40330
2024-07-24 16:54:42.689 +05 [5804] СООБЩЕНИЕ:  начата контрольная точка: time
2024-07-24 16:56:36.026 +05 [5804] СООБЩЕНИЕ:  контрольная точка завершена: записано буферов: 975 (6.0%); добавлено файлов WAL 1, удалено: 0, переработано: 0; запись=109.081 сек., синхр.=3.527 сек., всего=113.337 сек.; синхронизировано_файлов=304, самая_долгая_синхр.=0.034 сек., средняя=0.012 сек.; расстояние=4587 kB, ожидалось=4587 kB; lsn=0/1EBB1E0, lsn redo=0/1EBB1A8
2024-07-24 17:04:42.244 +05 [5804] СООБЩЕНИЕ:  начата контрольная точка: time
2024-07-24 17:04:42.942 +05 [5804] СООБЩЕНИЕ:  контрольная точка завершена: записано буферов: 5 (0.0%); добавлено файлов WAL 0, удалено: 0, переработано: 0; запись=0.441 сек., синхр.=0.081 сек., всего=0.698 сек.; синхронизировано_файлов=5, самая_долгая_синхр.=0.024 сек., средняя=0.017 сек.; расстояние=2 kB, ожидалось=4129 kB; lsn=0/1EBBA20, lsn redo=0/1EBB9E8
2024-07-24 17:16:09.936 +05 [11344] РћРЁРР‘РљРђ:  Р±Р°Р·Р° РґР°РЅРЅС‹С… "store_db" СѓР¶Рµ СЃСѓС‰РµСЃС‚РІСѓРµС‚
2024-07-24 17:16:09.936 +05 [11344] РћРџР•Р РђРўРћР :  CREATE DATABASE store_db;
2024-07-24 17:17:23.332 +05 [11344] РћРЁРР‘РљРђ:  СЂРѕР»СЊ "store_username" СѓР¶Рµ СЃСѓС‰РµСЃС‚РІСѓРµС‚
2024-07-24 17:17:23.332 +05 [11344] РћРџР•Р РђРўРћР :  CREATE ROLE store_username with password 'store_password';
2024-07-24 17:21:25.792 +05 [11344] РћРЁРР‘РљРђ:  РѕС€РёР±РєР° СЃРёРЅС‚Р°РєСЃРёСЃР° (РїСЂРёРјРµСЂРЅРѕРµ РїРѕР»РѕР¶РµРЅРёРµ: "'store_username'") (СЃРёРјРІРѕР» 12)
2024-07-24 17:21:25.792 +05 [11344] РћРџР•Р РђРўРћР :  ALTER ROLE 'store_username' WITH LOGIN;
2024-07-24 17:22:50.002 +05 [11344] РћРЁРР‘РљРђ:  РѕС€РёР±РєР° СЃРёРЅС‚Р°РєСЃРёСЃР° (РїСЂРёРјРµСЂРЅРѕРµ РїРѕР»РѕР¶РµРЅРёРµ: "'store_db'") (СЃРёРјРІРѕР» 34)
2024-07-24 17:22:50.002 +05 [11344] РћРџР•Р РђРўРћР :  GRANT ALL PRIVILEGES ON DATABASE 'store_db' to store_username;
2024-07-24 17:24:42.979 +05 [5804] СООБЩЕНИЕ:  начата контрольная точка: time
2024-07-24 17:24:43.351 +05 [5804] СООБЩЕНИЕ:  контрольная точка завершена: записано буферов: 3 (0.0%); добавлено файлов WAL 0, удалено: 0, переработано: 0; запись=0.220 сек., синхр.=0.058 сек., всего=0.372 сек.; синхронизировано_файлов=3, самая_долгая_синхр.=0.020 сек., средняя=0.020 сек.; расстояние=4 kB, ожидалось=3716 kB; lsn=0/1EBCD58, lsn redo=0/1EBCD20
2024-07-24 17:28:46.551 +05 [8204] РћРЁРР‘РљРђ:  РѕС‚РЅРѕС€РµРЅРёРµ "products_basket" СѓР¶Рµ СЃСѓС‰РµСЃС‚РІСѓРµС‚
2024-07-24 17:28:46.551 +05 [8204] РћРџР•Р РђРўРћР :  CREATE TABLE "products_basket" ("id" bigserial NOT NULL PRIMARY KEY, "quantity" integer NOT NULL CHECK ("quantity" >= 0), "created_timestamp" timestamp with time zone NOT NULL, "product_id" bigint NOT NULL, "user_id" bigint NOT NULL)
2024-07-24 17:29:06.548 +05 [10672] РћРЁРР‘РљРђ:  РѕС‚РЅРѕС€РµРЅРёРµ "products_basket" СѓР¶Рµ СЃСѓС‰РµСЃС‚РІСѓРµС‚
2024-07-24 17:29:06.548 +05 [10672] РћРџР•Р РђРўРћР :  CREATE TABLE "products_basket" ("id" bigserial NOT NULL PRIMARY KEY, "quantity" integer NOT NULL CHECK ("quantity" >= 0), "created_timestamp" timestamp with time zone NOT NULL, "product_id" bigint NOT NULL, "user_id" bigint NOT NULL)
2024-07-24 17:29:42.353 +05 [5804] СООБЩЕНИЕ:  начата контрольная точка: time
2024-07-24 17:30:00.087 +05 [5804] СООБЩЕНИЕ:  контрольная точка завершена: записано буферов: 143 (0.9%); добавлено файлов WAL 0, удалено: 0, переработано: 0; запись=16.052 сек., синхр.=1.552 сек., всего=17.735 сек.; синхронизировано_файлов=143, самая_долгая_синхр.=0.061 сек., средняя=0.011 сек.; расстояние=752 kB, ожидалось=3420 kB; lsn=0/1F78E20, lsn redo=0/1F78DE8
2024-07-24 17:31:48.898 +05 [9536] РћРЁРР‘РљРђ:  РѕС€РёР±РєР° СЃРёРЅС‚Р°РєСЃРёСЃР° (РїСЂРёРјРµСЂРЅРѕРµ РїРѕР»РѕР¶РµРЅРёРµ: "chcp") (СЃРёРјРІРѕР» 1)
2024-07-24 17:31:48.898 +05 [9536] РћРџР•Р РђРўРћР :  chcp 1251
	set client_encoding='WIN866';
2024-07-24 17:34:11.646 +05 [9536] РћРЁРР‘РљРђ:  РѕС€РёР±РєР° СЃРёРЅС‚Р°РєСЃРёСЃР° (РїСЂРёРјРµСЂРЅРѕРµ РїРѕР»РѕР¶РµРЅРёРµ: "chcp") (СЃРёРјРІРѕР» 1)
2024-07-24 17:34:11.646 +05 [9536] РћРџР•Р РђРўРћР :  chcp 1251
	chcp 1251;
2024-07-24 17:34:15.302 +05 [9536] РћРЁРР‘РљРђ:  РѕС€РёР±РєР° СЃРёРЅС‚Р°РєСЃРёСЃР° (РїСЂРёРјРµСЂРЅРѕРµ РїРѕР»РѕР¶РµРЅРёРµ: "chcp") (СЃРёРјРІРѕР» 1)
2024-07-24 17:34:15.302 +05 [9536] РћРџР•Р РђРўРћР :  chcp 1251;
2024-07-24 17:35:53.098 +05 [9536] РћРЁРР‘РљРђ:  РѕС€РёР±РєР° СЃРёРЅС‚Р°РєСЃРёСЃР° (РїСЂРёРјРµСЂРЅРѕРµ РїРѕР»РѕР¶РµРЅРёРµ: "psql") (СЃРёРјРІРѕР» 1)
2024-07-24 17:35:53.098 +05 [9536] РћРџР•Р РђРўРћР :  psql
	psql 
	set client_encoding='WIN866';
2024-07-24 17:36:37.475 +05 [15208] РћРЁРР‘РљРђ:  СЃС‚РѕР»Р±РµС† "user_id" РѕС‚РЅРѕС€РµРЅРёСЏ "products_basket" СѓР¶Рµ СЃСѓС‰РµСЃС‚РІСѓРµС‚
2024-07-24 17:36:37.475 +05 [15208] РћРџР•Р РђРўРћР :  ALTER TABLE "products_basket" ADD COLUMN "user_id" bigint NOT NULL CONSTRAINT "products_basket_user_id_e932f581_fk_users_user_id" REFERENCES "users_user"("id") DEFERRABLE INITIALLY DEFERRED; SET CONSTRAINTS "products_basket_user_id_e932f581_fk_users_user_id" IMMEDIATE
2024-07-24 17:37:14.913 +05 [9536] РЎРћРћР‘Р©Р•РќРР•:  РЅРµ СѓРґР°Р»РѕСЃСЊ РїРѕР»СѓС‡РёС‚СЊ РґР°РЅРЅС‹Рµ РѕС‚ РєР»РёРµРЅС‚Р°: An existing connection was forcibly closed by the remote host.
	
2024-07-24 17:39:01.559 +05 [16848] ВАЖНО:  пользователь "store_username" не прошёл проверку подлинности (по паролю)
2024-07-24 17:39:01.559 +05 [16848] ПОДРОБНОСТИ:  Подключение соответствует строке 115 в "D:/Documents/myworks/myCodes/Python/django/store-server/store/psql/data/pg_hba.conf": "host    all             all             127.0.0.1/32            scram-sha-256"
2024-07-24 17:39:09.907 +05 [17016] ВАЖНО:  пользователь "store_username" не прошёл проверку подлинности (по паролю)
2024-07-24 17:39:09.907 +05 [17016] ПОДРОБНОСТИ:  Подключение соответствует строке 115 в "D:/Documents/myworks/myCodes/Python/django/store-server/store/psql/data/pg_hba.conf": "host    all             all             127.0.0.1/32            scram-sha-256"
2024-07-24 17:39:42.118 +05 [5804] СООБЩЕНИЕ:  начата контрольная точка: time
2024-07-24 17:39:50.199 +05 [5804] СООБЩЕНИЕ:  контрольная точка завершена: записано буферов: 62 (0.4%); добавлено файлов WAL 0, удалено: 0, переработано: 0; запись=6.774 сек., синхр.=1.219 сек., всего=8.082 сек.; синхронизировано_файлов=49, самая_долгая_синхр.=0.156 сек., средняя=0.025 сек.; расстояние=280 kB, ожидалось=3106 kB; lsn=0/1FBF000, lsn redo=0/1FBEFC8
2024-07-24 17:40:15.969 +05 [6636] РћРЁРР‘РљРђ:  РѕС€РёР±РєР° СЃРёРЅС‚Р°РєСЃРёСЃР° (РїСЂРёРјРµСЂРЅРѕРµ РїРѕР»РѕР¶РµРЅРёРµ: "psql") (СЃРёРјРІРѕР» 1)
2024-07-24 17:40:15.969 +05 [6636] РћРџР•Р РђРўРћР :  psql 
	psql 
	set client_encoding='WIN866';
2024-07-24 17:40:53.516 +05 [4380] РћРЁРР‘РљРђ:  РѕС‚РЅРѕС€РµРЅРёРµ "products_basket" РЅРµ СЃСѓС‰РµСЃС‚РІСѓРµС‚
2024-07-24 17:40:53.516 +05 [4380] РћРџР•Р РђРўРћР :  ALTER TABLE "products_basket" ADD COLUMN "user_id" bigint NOT NULL CONSTRAINT "products_basket_user_id_e932f581_fk_users_user_id" REFERENCES "users_user"("id") DEFERRABLE INITIALLY DEFERRED; SET CONSTRAINTS "products_basket_user_id_e932f581_fk_users_user_id" IMMEDIATE
2024-07-24 17:44:42.215 +05 [5804] СООБЩЕНИЕ:  начата контрольная точка: time
2024-07-24 17:44:44.135 +05 [5804] СООБЩЕНИЕ:  контрольная точка завершена: записано буферов: 14 (0.1%); добавлено файлов WAL 0, удалено: 0, переработано: 0; запись=1.445 сек., синхр.=0.328 сек., всего=1.921 сек.; синхронизировано_файлов=13, самая_долгая_синхр.=0.039 сек., средняя=0.026 сек.; расстояние=68 kB, ожидалось=2802 kB; lsn=0/1FD0318, lsn redo=0/1FD02E0
2024-07-24 17:49:42.139 +05 [5804] СООБЩЕНИЕ:  начата контрольная точка: time
2024-07-24 17:49:59.410 +05 [5804] СООБЩЕНИЕ:  контрольная точка завершена: записано буферов: 140 (0.9%); добавлено файлов WAL 0, удалено: 0, переработано: 1; запись=15.433 сек., синхр.=1.696 сек., всего=17.272 сек.; синхронизировано_файлов=101, самая_долгая_синхр.=0.102 сек., средняя=0.017 сек.; расстояние=571 kB, ожидалось=2579 kB; lsn=0/205EF90, lsn redo=0/205EF58
2024-07-24 17:58:48.292 +05 [14724] РћРЁРР‘РљРђ:  INSERT РёР»Рё UPDATE РІ С‚Р°Р±Р»РёС†Рµ "products_product" РЅР°СЂСѓС€Р°РµС‚ РѕРіСЂР°РЅРёС‡РµРЅРёРµ РІРЅРµС€РЅРµРіРѕ РєР»СЋС‡Р° "products_product_category_id_9b594869_fk_products_"
2024-07-24 17:58:48.292 +05 [14724] РџРћР”Р РћР‘РќРћРЎРўР:  РљР»СЋС‡ (category_id)=(1) РѕС‚СЃСѓС‚СЃС‚РІСѓРµС‚ РІ С‚Р°Р±Р»РёС†Рµ "products_productcategory".
2024-07-24 17:58:48.292 +05 [14724] РћРџР•Р РђРўРћР :  SET CONSTRAINTS ALL IMMEDIATE
2024-07-24 17:59:42.534 +05 [5804] СООБЩЕНИЕ:  начата контрольная точка: time
2024-07-24 17:59:44.730 +05 [5804] СООБЩЕНИЕ:  контрольная точка завершена: записано буферов: 16 (0.1%); добавлено файлов WAL 0, удалено: 0, переработано: 0; запись=1.743 сек., синхр.=0.350 сек., всего=2.197 сек.; синхронизировано_файлов=13, самая_долгая_синхр.=0.039 сек., средняя=0.027 сек.; расстояние=14 kB, ожидалось=2322 kB; lsn=0/2062B08, lsn redo=0/2062AD0
2024-07-24 18:02:59.450 +05 [2640] РЎРћРћР‘Р©Р•РќРР•:  РЅРµ СѓРґР°Р»РѕСЃСЊ РїРѕР»СѓС‡РёС‚СЊ РґР°РЅРЅС‹Рµ РѕС‚ РєР»РёРµРЅС‚Р°: An existing connection was forcibly closed by the remote host.
	
2024-07-24 18:02:59.452 +05 [8116] РЎРћРћР‘Р©Р•РќРР•:  РЅРµ СѓРґР°Р»РѕСЃСЊ РїРѕР»СѓС‡РёС‚СЊ РґР°РЅРЅС‹Рµ РѕС‚ РєР»РёРµРЅС‚Р°: An existing connection was forcibly closed by the remote host.
	
2024-07-24 18:34:42.754 +05 [5804] СООБЩЕНИЕ:  начата контрольная точка: time
2024-07-24 18:34:47.203 +05 [5804] СООБЩЕНИЕ:  контрольная точка завершена: записано буферов: 33 (0.2%); добавлено файлов WAL 0, удалено: 0, переработано: 0; запись=3.554 сек., синхр.=0.759 сек., всего=4.449 сек.; синхронизировано_файлов=24, самая_долгая_синхр.=0.094 сек., средняя=0.032 сек.; расстояние=5 kB, ожидалось=2091 kB; lsn=0/2063F98, lsn redo=0/2063F60
2024-07-24 18:38:09.114 +05 [3780] РћРЁРР‘РљРђ:  РѕС‚РЅРѕС€РµРЅРёРµ "products_basket" РЅРµ СЃСѓС‰РµСЃС‚РІСѓРµС‚ (СЃРёРјРІРѕР» 166)
2024-07-24 18:38:09.114 +05 [3780] РћРџР•Р РђРўРћР :  SELECT "products_basket"."id", "products_basket"."user_id", "products_basket"."product_id", "products_basket"."quantity", "products_basket"."created_timestamp" FROM "products_basket" WHERE "products_basket"."user_id" = 2
2024-07-24 18:38:09.152 +05 [3780] РћРЁРР‘РљРђ:  РѕС‚РЅРѕС€РµРЅРёРµ "products_basket" РЅРµ СЃСѓС‰РµСЃС‚РІСѓРµС‚ (СЃРёРјРІРѕР» 166)
2024-07-24 18:38:09.152 +05 [3780] РћРџР•Р РђРўРћР :  SELECT "products_basket"."id", "products_basket"."user_id", "products_basket"."product_id", "products_basket"."quantity", "products_basket"."created_timestamp" FROM "products_basket" WHERE "products_basket"."user_id" = 2 LIMIT 21
2024-07-24 18:38:09.153 +05 [3780] РћРЁРР‘РљРђ:  РѕС‚РЅРѕС€РµРЅРёРµ "products_basket" РЅРµ СЃСѓС‰РµСЃС‚РІСѓРµС‚ (СЃРёРјРІРѕР» 166)
2024-07-24 18:38:09.153 +05 [3780] РћРџР•Р РђРўРћР :  SELECT "products_basket"."id", "products_basket"."user_id", "products_basket"."product_id", "products_basket"."quantity", "products_basket"."created_timestamp" FROM "products_basket" WHERE "products_basket"."user_id" = 2 LIMIT 21
2024-07-24 18:38:09.153 +05 [3780] РћРЁРР‘РљРђ:  РѕС‚РЅРѕС€РµРЅРёРµ "products_basket" РЅРµ СЃСѓС‰РµСЃС‚РІСѓРµС‚ (СЃРёРјРІРѕР» 166)
2024-07-24 18:38:09.153 +05 [3780] РћРџР•Р РђРўРћР :  SELECT "products_basket"."id", "products_basket"."user_id", "products_basket"."product_id", "products_basket"."quantity", "products_basket"."created_timestamp" FROM "products_basket" WHERE "products_basket"."user_id" = 2 LIMIT 21
2024-07-24 18:38:09.154 +05 [3780] РћРЁРР‘РљРђ:  РѕС‚РЅРѕС€РµРЅРёРµ "products_basket" РЅРµ СЃСѓС‰РµСЃС‚РІСѓРµС‚ (СЃРёРјРІРѕР» 166)
2024-07-24 18:38:09.154 +05 [3780] РћРџР•Р РђРўРћР :  SELECT "products_basket"."id", "products_basket"."user_id", "products_basket"."product_id", "products_basket"."quantity", "products_basket"."created_timestamp" FROM "products_basket" WHERE "products_basket"."user_id" = 2 LIMIT 21
2024-07-24 18:38:31.062 +05 [16156] РћРЁРР‘РљРђ:  РѕС‚РЅРѕС€РµРЅРёРµ "products_basket" РЅРµ СЃСѓС‰РµСЃС‚РІСѓРµС‚ (СЃРёРјРІРѕР» 166)
2024-07-24 18:38:31.062 +05 [16156] РћРџР•Р РђРўРћР :  SELECT "products_basket"."id", "products_basket"."user_id", "products_basket"."product_id", "products_basket"."quantity", "products_basket"."created_timestamp" FROM "products_basket" WHERE "products_basket"."user_id" = 2
2024-07-24 18:38:31.089 +05 [16156] РћРЁРР‘РљРђ:  РѕС‚РЅРѕС€РµРЅРёРµ "products_basket" РЅРµ СЃСѓС‰РµСЃС‚РІСѓРµС‚ (СЃРёРјРІРѕР» 166)
2024-07-24 18:38:31.089 +05 [16156] РћРџР•Р РђРўРћР :  SELECT "products_basket"."id", "products_basket"."user_id", "products_basket"."product_id", "products_basket"."quantity", "products_basket"."created_timestamp" FROM "products_basket" WHERE "products_basket"."user_id" = 2 LIMIT 21
2024-07-24 18:38:31.089 +05 [16156] РћРЁРР‘РљРђ:  РѕС‚РЅРѕС€РµРЅРёРµ "products_basket" РЅРµ СЃСѓС‰РµСЃС‚РІСѓРµС‚ (СЃРёРјРІРѕР» 166)
2024-07-24 18:38:31.089 +05 [16156] РћРџР•Р РђРўРћР :  SELECT "products_basket"."id", "products_basket"."user_id", "products_basket"."product_id", "products_basket"."quantity", "products_basket"."created_timestamp" FROM "products_basket" WHERE "products_basket"."user_id" = 2 LIMIT 21
2024-07-24 18:38:31.090 +05 [16156] РћРЁРР‘РљРђ:  РѕС‚РЅРѕС€РµРЅРёРµ "products_basket" РЅРµ СЃСѓС‰РµСЃС‚РІСѓРµС‚ (СЃРёРјРІРѕР» 166)
2024-07-24 18:38:31.090 +05 [16156] РћРџР•Р РђРўРћР :  SELECT "products_basket"."id", "products_basket"."user_id", "products_basket"."product_id", "products_basket"."quantity", "products_basket"."created_timestamp" FROM "products_basket" WHERE "products_basket"."user_id" = 2 LIMIT 21
2024-07-24 18:38:31.091 +05 [16156] РћРЁРР‘РљРђ:  РѕС‚РЅРѕС€РµРЅРёРµ "products_basket" РЅРµ СЃСѓС‰РµСЃС‚РІСѓРµС‚ (СЃРёРјРІРѕР» 166)
2024-07-24 18:38:31.091 +05 [16156] РћРџР•Р РђРўРћР :  SELECT "products_basket"."id", "products_basket"."user_id", "products_basket"."product_id", "products_basket"."quantity", "products_basket"."created_timestamp" FROM "products_basket" WHERE "products_basket"."user_id" = 2 LIMIT 21
2024-07-24 18:38:37.759 +05 [11580] РћРЁРР‘РљРђ:  РѕС‚РЅРѕС€РµРЅРёРµ "products_basket" РЅРµ СЃСѓС‰РµСЃС‚РІСѓРµС‚ (СЃРёРјРІРѕР» 24)
2024-07-24 18:38:37.759 +05 [11580] РћРџР•Р РђРўРћР :  SELECT (1) AS "a" FROM "products_basket" WHERE ("products_basket"."product_id" = 1 AND "products_basket"."user_id" = 2) LIMIT 1
2024-07-24 18:38:37.779 +05 [11580] РћРЁРР‘РљРђ:  РѕС‚РЅРѕС€РµРЅРёРµ "products_basket" РЅРµ СЃСѓС‰РµСЃС‚РІСѓРµС‚ (СЃРёРјРІРѕР» 166)
2024-07-24 18:38:37.779 +05 [11580] РћРџР•Р РђРўРћР :  SELECT "products_basket"."id", "products_basket"."user_id", "products_basket"."product_id", "products_basket"."quantity", "products_basket"."created_timestamp" FROM "products_basket" WHERE ("products_basket"."product_id" = 1 AND "products_basket"."user_id" = 2) LIMIT 21
2024-07-24 18:38:37.779 +05 [11580] РћРЁРР‘РљРђ:  РѕС‚РЅРѕС€РµРЅРёРµ "products_basket" РЅРµ СЃСѓС‰РµСЃС‚РІСѓРµС‚ (СЃРёРјРІРѕР» 166)
2024-07-24 18:38:37.779 +05 [11580] РћРџР•Р РђРўРћР :  SELECT "products_basket"."id", "products_basket"."user_id", "products_basket"."product_id", "products_basket"."quantity", "products_basket"."created_timestamp" FROM "products_basket" WHERE ("products_basket"."product_id" = 1 AND "products_basket"."user_id" = 2) LIMIT 21
2024-07-24 18:39:42.261 +05 [5804] СООБЩЕНИЕ:  начата контрольная точка: time
2024-07-24 18:39:48.510 +05 [5804] СООБЩЕНИЕ:  контрольная точка завершена: записано буферов: 44 (0.3%); добавлено файлов WAL 0, удалено: 0, переработано: 0; запись=5.088 сек., синхр.=1.041 сек., всего=6.249 сек.; синхронизировано_файлов=36, самая_долгая_синхр.=0.047 сек., средняя=0.029 сек.; расстояние=12 kB, ожидалось=1883 kB; lsn=0/20671F0, lsn redo=0/20671B8
2024-07-24 18:44:42.532 +05 [5804] СООБЩЕНИЕ:  начата контрольная точка: time
2024-07-24 18:44:43.207 +05 [5804] СООБЩЕНИЕ:  контрольная точка завершена: записано буферов: 5 (0.0%); добавлено файлов WAL 0, удалено: 0, переработано: 0; запись=0.458 сек., синхр.=0.110 сек., всего=0.675 сек.; синхронизировано_файлов=5, самая_долгая_синхр.=0.029 сек., средняя=0.022 сек.; расстояние=5 kB, ожидалось=1695 kB; lsn=0/2068730, lsn redo=0/20686F8
2024-07-24 18:46:35.421 +05 [17624] ВАЖНО:  пользователь "postgres" не прошёл проверку подлинности (по паролю)
2024-07-24 18:46:35.421 +05 [17624] ПОДРОБНОСТИ:  Подключение соответствует строке 115 в "D:/Documents/myworks/myCodes/Python/django/store-server/store/psql/data/pg_hba.conf": "host    all             all             127.0.0.1/32            scram-sha-256"
2024-07-24 18:49:42.217 +05 [5804] СООБЩЕНИЕ:  начата контрольная точка: time
2024-07-24 18:49:44.956 +05 [5804] СООБЩЕНИЕ:  контрольная точка завершена: записано буферов: 19 (0.1%); добавлено файлов WAL 0, удалено: 0, переработано: 0; запись=2.200 сек., синхр.=0.328 сек., всего=2.739 сек.; синхронизировано_файлов=8, самая_долгая_синхр.=0.092 сек., средняя=0.041 сек.; расстояние=32 kB, ожидалось=1529 kB; lsn=0/2070930, lsn redo=0/20708F8
2024-07-24 18:54:11.748 +05 [9004] РћРЁРР‘РљРђ:  РѕС‚РЅРѕС€РµРЅРёРµ "products_basket" РЅРµ СЃСѓС‰РµСЃС‚РІСѓРµС‚ (СЃРёРјРІРѕР» 166)
2024-07-24 18:54:11.748 +05 [9004] РћРџР•Р РђРўРћР :  SELECT "products_basket"."id", "products_basket"."user_id", "products_basket"."product_id", "products_basket"."quantity", "products_basket"."created_timestamp" FROM "products_basket" WHERE "products_basket"."user_id" = 1
2024-07-24 18:54:11.826 +05 [9004] РћРЁРР‘РљРђ:  РѕС‚РЅРѕС€РµРЅРёРµ "products_basket" РЅРµ СЃСѓС‰РµСЃС‚РІСѓРµС‚ (СЃРёРјРІРѕР» 166)
2024-07-24 18:54:11.826 +05 [9004] РћРџР•Р РђРўРћР :  SELECT "products_basket"."id", "products_basket"."user_id", "products_basket"."product_id", "products_basket"."quantity", "products_basket"."created_timestamp" FROM "products_basket" WHERE "products_basket"."user_id" = 1 LIMIT 21
2024-07-24 18:54:11.827 +05 [9004] РћРЁРР‘РљРђ:  РѕС‚РЅРѕС€РµРЅРёРµ "products_basket" РЅРµ СЃСѓС‰РµСЃС‚РІСѓРµС‚ (СЃРёРјРІРѕР» 166)
2024-07-24 18:54:11.827 +05 [9004] РћРџР•Р РђРўРћР :  SELECT "products_basket"."id", "products_basket"."user_id", "products_basket"."product_id", "products_basket"."quantity", "products_basket"."created_timestamp" FROM "products_basket" WHERE "products_basket"."user_id" = 1 LIMIT 21
2024-07-24 18:54:11.829 +05 [9004] РћРЁРР‘РљРђ:  РѕС‚РЅРѕС€РµРЅРёРµ "products_basket" РЅРµ СЃСѓС‰РµСЃС‚РІСѓРµС‚ (СЃРёРјРІРѕР» 166)
2024-07-24 18:54:11.829 +05 [9004] РћРџР•Р РђРўРћР :  SELECT "products_basket"."id", "products_basket"."user_id", "products_basket"."product_id", "products_basket"."quantity", "products_basket"."created_timestamp" FROM "products_basket" WHERE "products_basket"."user_id" = 1 LIMIT 21
2024-07-24 18:54:11.830 +05 [9004] РћРЁРР‘РљРђ:  РѕС‚РЅРѕС€РµРЅРёРµ "products_basket" РЅРµ СЃСѓС‰РµСЃС‚РІСѓРµС‚ (СЃРёРјРІРѕР» 166)
2024-07-24 18:54:11.830 +05 [9004] РћРџР•Р РђРўРћР :  SELECT "products_basket"."id", "products_basket"."user_id", "products_basket"."product_id", "products_basket"."quantity", "products_basket"."created_timestamp" FROM "products_basket" WHERE "products_basket"."user_id" = 1 LIMIT 21
2024-07-24 18:59:22.690 +05 [17964] РћРЁРР‘РљРђ:  РѕС‚РЅРѕС€РµРЅРёРµ "products_basket" РЅРµ СЃСѓС‰РµСЃС‚РІСѓРµС‚ (СЃРёРјРІРѕР» 166)
2024-07-24 18:59:22.690 +05 [17964] РћРџР•Р РђРўРћР :  SELECT "products_basket"."id", "products_basket"."user_id", "products_basket"."product_id", "products_basket"."quantity", "products_basket"."created_timestamp" FROM "products_basket" WHERE "products_basket"."user_id" = 1
2024-07-24 18:59:22.741 +05 [17964] РћРЁРР‘РљРђ:  РѕС‚РЅРѕС€РµРЅРёРµ "products_basket" РЅРµ СЃСѓС‰РµСЃС‚РІСѓРµС‚ (СЃРёРјРІРѕР» 166)
2024-07-24 18:59:22.741 +05 [17964] РћРџР•Р РђРўРћР :  SELECT "products_basket"."id", "products_basket"."user_id", "products_basket"."product_id", "products_basket"."quantity", "products_basket"."created_timestamp" FROM "products_basket" WHERE "products_basket"."user_id" = 1 LIMIT 21
2024-07-24 18:59:22.743 +05 [17964] РћРЁРР‘РљРђ:  РѕС‚РЅРѕС€РµРЅРёРµ "products_basket" РЅРµ СЃСѓС‰РµСЃС‚РІСѓРµС‚ (СЃРёРјРІРѕР» 166)
2024-07-24 18:59:22.743 +05 [17964] РћРџР•Р РђРўРћР :  SELECT "products_basket"."id", "products_basket"."user_id", "products_basket"."product_id", "products_basket"."quantity", "products_basket"."created_timestamp" FROM "products_basket" WHERE "products_basket"."user_id" = 1 LIMIT 21
2024-07-24 18:59:22.744 +05 [17964] РћРЁРР‘РљРђ:  РѕС‚РЅРѕС€РµРЅРёРµ "products_basket" РЅРµ СЃСѓС‰РµСЃС‚РІСѓРµС‚ (СЃРёРјРІРѕР» 166)
2024-07-24 18:59:22.744 +05 [17964] РћРџР•Р РђРўРћР :  SELECT "products_basket"."id", "products_basket"."user_id", "products_basket"."product_id", "products_basket"."quantity", "products_basket"."created_timestamp" FROM "products_basket" WHERE "products_basket"."user_id" = 1 LIMIT 21
2024-07-24 18:59:22.745 +05 [17964] РћРЁРР‘РљРђ:  РѕС‚РЅРѕС€РµРЅРёРµ "products_basket" РЅРµ СЃСѓС‰РµСЃС‚РІСѓРµС‚ (СЃРёРјРІРѕР» 166)
2024-07-24 18:59:22.745 +05 [17964] РћРџР•Р РђРўРћР :  SELECT "products_basket"."id", "products_basket"."user_id", "products_basket"."product_id", "products_basket"."quantity", "products_basket"."created_timestamp" FROM "products_basket" WHERE "products_basket"."user_id" = 1 LIMIT 21
2024-07-24 18:59:42.009 +05 [5804] СООБЩЕНИЕ:  начата контрольная точка: time
2024-07-24 18:59:42.820 +05 [5804] СООБЩЕНИЕ:  контрольная точка завершена: записано буферов: 6 (0.0%); добавлено файлов WAL 0, удалено: 0, переработано: 0; запись=0.556 сек., синхр.=0.142 сек., всего=0.811 сек.; синхронизировано_файлов=6, самая_долгая_синхр.=0.029 сек., средняя=0.024 сек.; расстояние=5 kB, ожидалось=1376 kB; lsn=0/2072128, lsn redo=0/20720F0
2024-07-24 19:12:15.682 +05 [6636] РћРЁРР‘РљРђ:  СѓРґР°Р»РёС‚СЊ Р±Р°Р·Сѓ РґР°РЅРЅС‹С…, РѕС‚РєСЂС‹С‚СѓСЋ РІ РґР°РЅРЅС‹Р№ РјРѕРјРµРЅС‚, РЅРµР»СЊР·СЏ
2024-07-24 19:12:15.682 +05 [6636] РћРџР•Р РђРўРћР :  DROP DATABASE store_db;
2024-07-24 19:12:57.975 +05 [12068] РћРЁРР‘РљРђ:  Р±Р°Р·Р° РґР°РЅРЅС‹С… "store_db" Р·Р°РЅСЏС‚Р° РґСЂСѓРіРёРјРё РїРѕР»СЊР·РѕРІР°С‚РµР»СЏРјРё
2024-07-24 19:12:57.975 +05 [12068] РџРћР”Р РћР‘РќРћРЎРўР:  Р­С‚Р° Р±Р°Р·Р° РґР°РЅРЅС‹С… РёСЃРїРѕР»СЊР·СѓРµС‚СЃСЏ РµС‰С‘ РІ 2 СЃРµР°РЅСЃР°С….
2024-07-24 19:12:57.975 +05 [12068] РћРџР•Р РђРўРћР :  DROP DATABASE IF EXISTS store_db;
	
2024-07-24 19:13:24.387 +05 [5804] СООБЩЕНИЕ:  начата контрольная точка: immediate force wait
2024-07-24 19:13:24.615 +05 [5804] СООБЩЕНИЕ:  контрольная точка завершена: записано буферов: 3 (0.0%); добавлено файлов WAL 0, удалено: 0, переработано: 0; запись=0.032 сек., синхр.=0.081 сек., всего=0.229 сек.; синхронизировано_файлов=3, самая_долгая_синхр.=0.037 сек., средняя=0.027 сек.; расстояние=6 kB, ожидалось=1239 kB; lsn=0/2073C20, lsn redo=0/2073BE8
2024-07-24 19:13:55.047 +05 [11740] ВАЖНО:  пользователь "User" не прошёл проверку подлинности (по паролю)
2024-07-24 19:13:55.047 +05 [11740] ПОДРОБНОСТИ:  Роль "User" не существует.
	Подключение соответствует строке 115 в "D:/Documents/myworks/myCodes/Python/django/store-server/store/psql/data/pg_hba.conf": "host    all             all             127.0.0.1/32            scram-sha-256"
2024-07-24 19:16:39.804 +05 [18904] РћРЁРР‘РљРђ:  СЂРѕР»СЊ "store_username" СѓР¶Рµ СЃСѓС‰РµСЃС‚РІСѓРµС‚
2024-07-24 19:16:39.804 +05 [18904] РћРџР•Р РђРўРћР :  CREATE ROLE store_username with password 'store_password';
2024-07-24 19:18:24.620 +05 [5804] СООБЩЕНИЕ:  начата контрольная точка: time
2024-07-24 19:20:16.535 +05 [5804] СООБЩЕНИЕ:  контрольная точка завершена: записано буферов: 973 (5.9%); добавлено файлов WAL 0, удалено: 0, переработано: 0; запись=108.202 сек., синхр.=3.621 сек., всего=111.915 сек.; синхронизировано_файлов=304, самая_долгая_синхр.=0.062 сек., средняя=0.012 сек.; расстояние=4589 kB, ожидалось=4589 kB; lsn=0/24F2170, lsn redo=0/24EF2E0
2024-07-24 19:23:24.790 +05 [5804] СООБЩЕНИЕ:  начата контрольная точка: time
2024-07-24 19:23:54.317 +05 [5804] СООБЩЕНИЕ:  контрольная точка завершена: записано буферов: 242 (1.5%); добавлено файлов WAL 0, удалено: 0, переработано: 0; запись=26.994 сек., синхр.=2.399 сек., всего=29.527 сек.; синхронизировано_файлов=193, самая_долгая_синхр.=0.081 сек., средняя=0.013 сек.; расстояние=1129 kB, ожидалось=4243 kB; lsn=0/260B6F8, lsn redo=0/26096E0
2024-07-24 19:28:24.426 +05 [5804] СООБЩЕНИЕ:  начата контрольная точка: time
2024-07-24 19:28:27.425 +05 [5804] СООБЩЕНИЕ:  контрольная точка завершена: записано буферов: 23 (0.1%); добавлено файлов WAL 0, удалено: 0, переработано: 0; запись=2.459 сек., синхр.=0.440 сек., всего=3.000 сек.; синхронизировано_файлов=17, самая_долгая_синхр.=0.041 сек., средняя=0.026 сек.; расстояние=14 kB, ожидалось=3820 kB; lsn=0/260D1D0, lsn redo=0/260D198
