2024-08-27 14:35:48.749 +05 [14604] РЎРћРћР‘Р©Р•РќРР•:  РЅРµ СѓРґР°Р»РѕСЃСЊ РїРѕР»СѓС‡РёС‚СЊ РґР°РЅРЅС‹Рµ РѕС‚ РєР»РёРµРЅС‚Р°: An existing connection was forcibly closed by the remote host.
	
2024-08-27 14:35:48.749 +05 [3024] РЎРћРћР‘Р©Р•РќРР•:  РЅРµ СѓРґР°Р»РѕСЃСЊ РїРѕР»СѓС‡РёС‚СЊ РґР°РЅРЅС‹Рµ РѕС‚ РєР»РёРµРЅС‚Р°: An existing connection was forcibly closed by the remote host.
	
2024-08-27 14:36:11.305 +05 [7752] СООБЩЕНИЕ:  начата контрольная точка: time
2024-08-27 14:36:11.732 +05 [7752] СООБЩЕНИЕ:  контрольная точка завершена: записано буферов: 3 (0.0%); добавлено файлов WAL 0, удалено: 0, переработано: 0; запись=0.238 сек., синхр.=0.058 сек., всего=0.430 сек.; синхронизировано_файлов=3, самая_долгая_синхр.=0.022 сек., средняя=0.020 сек.; расстояние=4 kB, ожидалось=9 kB; lsn=0/1C5D1B78, lsn redo=0/1C5D1B40
2024-08-27 14:41:11.745 +05 [7752] СООБЩЕНИЕ:  начата контрольная точка: time
2024-08-27 14:41:12.512 +05 [7752] СООБЩЕНИЕ:  контрольная точка завершена: записано буферов: 6 (0.0%); добавлено файлов WAL 0, удалено: 0, переработано: 0; запись=0.570 сек., синхр.=0.115 сек., всего=0.767 сек.; синхронизировано_файлов=6, самая_долгая_синхр.=0.027 сек., средняя=0.020 сек.; расстояние=5 kB, ожидалось=9 kB; lsn=0/1C5D30C0, lsn redo=0/1C5D3088
2024-08-27 14:44:50.715 +05 [23668] РЎРћРћР‘Р©Р•РќРР•:  РЅРµ СѓРґР°Р»РѕСЃСЊ РїРѕР»СѓС‡РёС‚СЊ РґР°РЅРЅС‹Рµ РѕС‚ РєР»РёРµРЅС‚Р°: An existing connection was forcibly closed by the remote host.
	
2024-08-27 14:46:11.521 +05 [7752] СООБЩЕНИЕ:  начата контрольная точка: time
2024-08-27 14:46:12.569 +05 [7752] СООБЩЕНИЕ:  контрольная точка завершена: записано буферов: 8 (0.0%); добавлено файлов WAL 0, удалено: 0, переработано: 0; запись=0.780 сек., синхр.=0.160 сек., всего=1.049 сек.; синхронизировано_файлов=8, самая_долгая_синхр.=0.032 сек., средняя=0.020 сек.; расстояние=11 kB, ожидалось=11 kB; lsn=0/1C5D5D68, lsn redo=0/1C5D5D30
2024-08-27 14:46:50.948 +05 [7236] РЎРћРћР‘Р©Р•РќРР•:  РЅРµ СѓРґР°Р»РѕСЃСЊ РїРѕР»СѓС‡РёС‚СЊ РґР°РЅРЅС‹Рµ РѕС‚ РєР»РёРµРЅС‚Р°: An existing connection was forcibly closed by the remote host.
	
2024-08-27 14:46:50.948 +05 [23756] РЎРћРћР‘Р©Р•РќРР•:  РЅРµ СѓРґР°Р»РѕСЃСЊ РїРѕР»СѓС‡РёС‚СЊ РґР°РЅРЅС‹Рµ РѕС‚ РєР»РёРµРЅС‚Р°: An existing connection was forcibly closed by the remote host.
	
2024-08-27 14:51:11.589 +05 [7752] СООБЩЕНИЕ:  начата контрольная точка: time
2024-08-27 14:51:12.471 +05 [7752] СООБЩЕНИЕ:  контрольная точка завершена: записано буферов: 6 (0.0%); добавлено файлов WAL 0, удалено: 0, переработано: 0; запись=0.622 сек., синхр.=0.149 сек., всего=0.883 сек.; синхронизировано_файлов=6, самая_долгая_синхр.=0.032 сек., средняя=0.025 сек.; расстояние=5 kB, ожидалось=10 kB; lsn=0/1C5D74F0, lsn redo=0/1C5D74B8
2024-08-27 14:56:11.473 +05 [7752] СООБЩЕНИЕ:  начата контрольная точка: time
2024-08-27 14:56:12.318 +05 [7752] СООБЩЕНИЕ:  контрольная точка завершена: записано буферов: 7 (0.0%); добавлено файлов WAL 0, удалено: 0, переработано: 0; запись=0.686 сек., синхр.=0.068 сек., всего=0.845 сек.; синхронизировано_файлов=7, самая_долгая_синхр.=0.018 сек., средняя=0.010 сек.; расстояние=6 kB, ожидалось=10 kB; lsn=0/1C5D8E48, lsn redo=0/1C5D8E10
2024-08-27 14:56:21.107 +05 [24052] РЎРћРћР‘Р©Р•РќРР•:  РЅРµ СѓРґР°Р»РѕСЃСЊ РїРѕР»СѓС‡РёС‚СЊ РґР°РЅРЅС‹Рµ РѕС‚ РєР»РёРµРЅС‚Р°: An existing connection was forcibly closed by the remote host.
	
2024-08-27 14:57:40.048 +05 [7396] РЎРћРћР‘Р©Р•РќРР•:  РЅРµ СѓРґР°Р»РѕСЃСЊ РїРѕР»СѓС‡РёС‚СЊ РґР°РЅРЅС‹Рµ РѕС‚ РєР»РёРµРЅС‚Р°: An existing connection was forcibly closed by the remote host.
	
2024-08-27 14:57:40.049 +05 [15364] РЎРћРћР‘Р©Р•РќРР•:  РЅРµ СѓРґР°Р»РѕСЃСЊ РїРѕР»СѓС‡РёС‚СЊ РґР°РЅРЅС‹Рµ РѕС‚ РєР»РёРµРЅС‚Р°: An existing connection was forcibly closed by the remote host.
	
2024-08-27 14:58:53.975 +05 [23136] РЎРћРћР‘Р©Р•РќРР•:  РЅРµ СѓРґР°Р»РѕСЃСЊ РїРѕР»СѓС‡РёС‚СЊ РґР°РЅРЅС‹Рµ РѕС‚ РєР»РёРµРЅС‚Р°: An existing connection was forcibly closed by the remote host.
	
2024-08-27 15:01:11.332 +05 [7752] СООБЩЕНИЕ:  начата контрольная точка: time
2024-08-27 15:01:13.279 +05 [7752] СООБЩЕНИЕ:  контрольная точка завершена: записано буферов: 15 (0.1%); добавлено файлов WAL 0, удалено: 0, переработано: 0; запись=1.570 сек., синхр.=0.288 сек., всего=1.947 сек.; синхронизировано_файлов=15, самая_долгая_синхр.=0.034 сек., средняя=0.020 сек.; расстояние=15 kB, ожидалось=15 kB; lsn=0/1C5DCDF0, lsn redo=0/1C5DCDB8
2024-08-27 15:06:11.312 +05 [7752] СООБЩЕНИЕ:  начата контрольная точка: time
2024-08-27 15:06:12.200 +05 [7752] СООБЩЕНИЕ:  контрольная точка завершена: записано буферов: 7 (0.0%); добавлено файлов WAL 0, удалено: 0, переработано: 0; запись=0.675 сек., синхр.=0.123 сек., всего=0.888 сек.; синхронизировано_файлов=7, самая_долгая_синхр.=0.029 сек., средняя=0.018 сек.; расстояние=13 kB, ожидалось=15 kB; lsn=0/1C5E0270, lsn redo=0/1C5E0238
