2024-07-29 09:08:33.750 +05 [16348] РЎРћРћР‘Р©Р•РќРР•:  РЅРµ СѓРґР°Р»РѕСЃСЊ РїРѕР»СѓС‡РёС‚СЊ РґР°РЅРЅС‹Рµ РѕС‚ РєР»РёРµРЅС‚Р°: An existing connection was forcibly closed by the remote host.
	
2024-07-29 09:21:31.779 +05 [5804] СООБЩЕНИЕ:  начата контрольная точка: time
2024-07-29 09:21:32.944 +05 [5804] СООБЩЕНИЕ:  контрольная точка завершена: записано буферов: 8 (0.0%); добавлено файлов WAL 0, удалено: 0, переработано: 0; запись=0.847 сек., синхр.=0.164 сек., всего=1.166 сек.; синхронизировано_файлов=8, самая_долгая_синхр.=0.041 сек., средняя=0.021 сек.; расстояние=5 kB, ожидалось=4253 kB; lsn=0/3069CD8, lsn redo=0/3069CA0
2024-07-29 11:10:30.638 +05 [13468] РЎРћРћР‘Р©Р•РќРР•:  РЅРµ СѓРґР°Р»РѕСЃСЊ РїРѕР»СѓС‡РёС‚СЊ РґР°РЅРЅС‹Рµ РѕС‚ РєР»РёРµРЅС‚Р°: An existing connection was forcibly closed by the remote host.
	
2024-07-29 11:13:39.932 +05 [30100] РЎРћРћР‘Р©Р•РќРР•:  РЅРµ СѓРґР°Р»РѕСЃСЊ РїРѕР»СѓС‡РёС‚СЊ РґР°РЅРЅС‹Рµ РѕС‚ РєР»РёРµРЅС‚Р°: An existing connection was forcibly closed by the remote host.
	
2024-07-29 11:15:13.590 +05 [26412] РЎРћРћР‘Р©Р•РќРР•:  РЅРµ СѓРґР°Р»РѕСЃСЊ РїРѕР»СѓС‡РёС‚СЊ РґР°РЅРЅС‹Рµ РѕС‚ РєР»РёРµРЅС‚Р°: An existing connection was forcibly closed by the remote host.
	
2024-07-29 11:58:06.770 +05 [28764] РЎРћРћР‘Р©Р•РќРР•:  РЅРµ СѓРґР°Р»РѕСЃСЊ РїРѕР»СѓС‡РёС‚СЊ РґР°РЅРЅС‹Рµ РѕС‚ РєР»РёРµРЅС‚Р°: An existing connection was forcibly closed by the remote host.
	
2024-07-29 12:01:22.726 +05 [31112] РЎРћРћР‘Р©Р•РќРР•:  РЅРµ СѓРґР°Р»РѕСЃСЊ РїРѕР»СѓС‡РёС‚СЊ РґР°РЅРЅС‹Рµ РѕС‚ РєР»РёРµРЅС‚Р°: An existing connection was forcibly closed by the remote host.
	
2024-07-29 12:03:22.981 +05 [5804] СООБЩЕНИЕ:  начата контрольная точка: immediate force wait
2024-07-29 12:03:23.419 +05 [5804] СООБЩЕНИЕ:  контрольная точка завершена: записано буферов: 7 (0.0%); добавлено файлов WAL 0, удалено: 0, переработано: 0; запись=0.068 сек., синхр.=0.204 сек., всего=0.439 сек.; синхронизировано_файлов=7, самая_долгая_синхр.=0.047 сек., средняя=0.030 сек.; расстояние=5295 kB, ожидалось=5295 kB; lsn=0/3595A70, lsn redo=0/3595A38
2024-07-29 12:06:34.992 +05 [22492] РЎРћРћР‘Р©Р•РќРР•:  РЅРµ СѓРґР°Р»РѕСЃСЊ РїРѕР»СѓС‡РёС‚СЊ РґР°РЅРЅС‹Рµ РѕС‚ РєР»РёРµРЅС‚Р°: An existing connection was forcibly closed by the remote host.
	
2024-07-29 12:08:22.411 +05 [5804] СООБЩЕНИЕ:  начата контрольная точка: time
2024-07-29 12:08:26.606 +05 [5804] СООБЩЕНИЕ:  контрольная точка завершена: записано буферов: 35 (0.2%); добавлено файлов WAL 0, удалено: 0, переработано: 0; запись=3.799 сек., синхр.=0.265 сек., всего=4.195 сек.; синхронизировано_файлов=11, самая_долгая_синхр.=0.045 сек., средняя=0.025 сек.; расстояние=157 kB, ожидалось=4781 kB; lsn=0/35BD0C0, lsn redo=0/35BD088
2024-07-29 12:48:46.147 +05 [5804] СООБЩЕНИЕ:  начата контрольная точка: immediate force wait
2024-07-29 12:48:46.537 +05 [5804] СООБЩЕНИЕ:  контрольная точка завершена: записано буферов: 8 (0.0%); добавлено файлов WAL 0, удалено: 0, переработано: 0; запись=0.056 сек., синхр.=0.197 сек., всего=0.390 сек.; синхронизировано_файлов=8, самая_долгая_синхр.=0.039 сек., средняя=0.025 сек.; расстояние=5212 kB, ожидалось=5212 kB; lsn=0/3AD4290, lsn redo=0/3AD4258
2024-07-29 12:50:05.437 +05 [5804] СООБЩЕНИЕ:  начата контрольная точка: immediate force wait
2024-07-29 12:50:05.783 +05 [5804] СООБЩЕНИЕ:  контрольная точка завершена: записано буферов: 10 (0.1%); добавлено файлов WAL 0, удалено: 0, переработано: 0; запись=0.022 сек., синхр.=0.193 сек., всего=0.347 сек.; синхронизировано_файлов=10, самая_долгая_синхр.=0.034 сек., средняя=0.020 сек.; расстояние=5228 kB, ожидалось=5228 kB; lsn=0/3FEF648, lsn redo=0/3FEF610
2024-07-29 12:52:46.956 +05 [5804] СООБЩЕНИЕ:  начата контрольная точка: immediate force wait
2024-07-29 12:52:47.373 +05 [5804] СООБЩЕНИЕ:  контрольная точка завершена: записано буферов: 10 (0.1%); добавлено файлов WAL 0, удалено: 0, переработано: 1; запись=0.011 сек., синхр.=0.205 сек., всего=0.417 сек.; синхронизировано_файлов=10, самая_долгая_синхр.=0.043 сек., средняя=0.021 сек.; расстояние=5236 kB, ожидалось=5236 kB; lsn=0/450C728, lsn redo=0/450C6F0
2024-07-29 12:57:46.389 +05 [5804] СООБЩЕНИЕ:  начата контрольная точка: time
2024-07-29 12:57:47.703 +05 [5804] СООБЩЕНИЕ:  контрольная точка завершена: записано буферов: 10 (0.1%); добавлено файлов WAL 0, удалено: 0, переработано: 0; запись=1.058 сек., синхр.=0.154 сек., всего=1.315 сек.; синхронизировано_файлов=6, самая_долгая_синхр.=0.039 сек., средняя=0.026 сек.; расстояние=26 kB, ожидалось=4715 kB; lsn=0/4513010, lsn redo=0/4512FD8
2024-07-29 13:51:11.536 +05 [4600] РЎРћРћР‘Р©Р•РќРР•:  РЅРµ СѓРґР°Р»РѕСЃСЊ РїРѕР»СѓС‡РёС‚СЊ РґР°РЅРЅС‹Рµ РѕС‚ РєР»РёРµРЅС‚Р°: An existing connection was forcibly closed by the remote host.
	
2024-07-29 15:39:44.091 +05 [5804] СООБЩЕНИЕ:  начата контрольная точка: immediate force wait
2024-07-29 15:39:44.437 +05 [5804] СООБЩЕНИЕ:  контрольная точка завершена: записано буферов: 7 (0.0%); добавлено файлов WAL 0, удалено: 0, переработано: 0; запись=0.042 сек., синхр.=0.167 сек., всего=0.347 сек.; синхронизировано_файлов=7, самая_долгая_синхр.=0.036 сек., средняя=0.024 сек.; расстояние=5220 kB, ожидалось=5220 kB; lsn=0/4A2C220, lsn redo=0/4A2C1E8
2024-07-29 15:44:44.482 +05 [5804] СООБЩЕНИЕ:  начата контрольная точка: time
2024-07-29 15:44:45.840 +05 [5804] СООБЩЕНИЕ:  контрольная точка завершена: записано буферов: 10 (0.1%); добавлено файлов WAL 0, удалено: 0, переработано: 0; запись=1.019 сек., синхр.=0.219 сек., всего=1.359 сек.; синхронизировано_файлов=9, самая_долгая_синхр.=0.030 сек., средняя=0.025 сек.; расстояние=34 kB, ожидалось=4701 kB; lsn=0/4A34D70, lsn redo=0/4A34D38
2024-07-29 15:51:30.278 +05 [5804] СООБЩЕНИЕ:  начата контрольная точка: immediate force wait
2024-07-29 15:51:30.550 +05 [5804] СООБЩЕНИЕ:  контрольная точка завершена: записано буферов: 8 (0.0%); добавлено файлов WAL 0, удалено: 0, переработано: 0; запись=0.009 сек., синхр.=0.149 сек., всего=0.272 сек.; синхронизировано_файлов=8, самая_долгая_синхр.=0.030 сек., средняя=0.019 сек.; расстояние=5216 kB, ожидалось=5216 kB; lsn=0/4F4CE60, lsn redo=0/4F4CE28
2024-07-29 15:56:30.566 +05 [5804] СООБЩЕНИЕ:  начата контрольная точка: time
2024-07-29 15:56:31.246 +05 [5804] СООБЩЕНИЕ:  контрольная точка завершена: записано буферов: 5 (0.0%); добавлено файлов WAL 0, удалено: 0, переработано: 0; запись=0.437 сек., синхр.=0.120 сек., всего=0.680 сек.; синхронизировано_файлов=5, самая_долгая_синхр.=0.034 сек., средняя=0.024 сек.; расстояние=16 kB, ожидалось=4696 kB; lsn=0/4F50FD8, lsn redo=0/4F50FA0
2024-07-29 16:20:55.611 +05 [5804] СООБЩЕНИЕ:  начата контрольная точка: immediate force wait
2024-07-29 16:20:55.910 +05 [5804] СООБЩЕНИЕ:  контрольная точка завершена: записано буферов: 7 (0.0%); добавлено файлов WAL 0, удалено: 0, переработано: 1; запись=0.017 сек., синхр.=0.144 сек., всего=0.300 сек.; синхронизировано_файлов=7, самая_долгая_синхр.=0.048 сек., средняя=0.021 сек.; расстояние=5220 kB, ожидалось=5220 kB; lsn=0/546A3B0, lsn redo=0/546A378
2024-07-29 16:25:55.957 +05 [5804] СООБЩЕНИЕ:  начата контрольная точка: time
2024-07-29 16:25:57.431 +05 [5804] СООБЩЕНИЕ:  контрольная точка завершена: записано буферов: 11 (0.1%); добавлено файлов WAL 0, удалено: 0, переработано: 0; запись=1.133 сек., синхр.=0.244 сек., всего=1.474 сек.; синхронизировано_файлов=9, самая_долгая_синхр.=0.045 сек., средняя=0.028 сек.; расстояние=38 kB, ожидалось=4702 kB; lsn=0/5473D08, lsn redo=0/5473CD0
