2024-08-02 17:46:09.738 +05 [3804] СООБЩЕНИЕ:  работа системы БД была прервана; последний момент работы: 2024-07-31 12:13:39 +05
2024-08-02 17:46:11.389 +05 [3804] СООБЩЕНИЕ:  unrecognized win32 error code: 395
2024-08-02 17:46:11.389 +05 [3804] СООБЩЕНИЕ:  не удалось открыть файл "./base/22052/1418": Invalid argument
2024-08-02 17:46:11.413 +05 [3804] СООБЩЕНИЕ:  unrecognized win32 error code: 395
2024-08-02 17:46:11.413 +05 [3804] СООБЩЕНИЕ:  не удалось открыть файл "./base/22052/14830": Invalid argument
2024-08-02 17:46:11.426 +05 [3804] СООБЩЕНИЕ:  unrecognized win32 error code: 395
2024-08-02 17:46:11.426 +05 [3804] СООБЩЕНИЕ:  не удалось открыть файл "./base/22052/14835": Invalid argument
2024-08-02 17:46:11.453 +05 [3804] СООБЩЕНИЕ:  unrecognized win32 error code: 395
2024-08-02 17:46:11.453 +05 [3804] СООБЩЕНИЕ:  не удалось открыть файл "./base/22052/14840": Invalid argument
2024-08-02 17:46:11.458 +05 [3804] СООБЩЕНИЕ:  unrecognized win32 error code: 395
2024-08-02 17:46:11.458 +05 [3804] СООБЩЕНИЕ:  не удалось открыть файл "./base/22052/14845": Invalid argument
2024-08-02 17:46:11.465 +05 [3804] СООБЩЕНИЕ:  unrecognized win32 error code: 395
2024-08-02 17:46:11.465 +05 [3804] СООБЩЕНИЕ:  не удалось открыть файл "./base/22052/2328": Invalid argument
2024-08-02 17:46:11.466 +05 [3804] СООБЩЕНИЕ:  unrecognized win32 error code: 395
2024-08-02 17:46:11.466 +05 [3804] СООБЩЕНИЕ:  не удалось открыть файл "./base/22052/2336": Invalid argument
2024-08-02 17:46:11.503 +05 [3804] СООБЩЕНИЕ:  unrecognized win32 error code: 395
2024-08-02 17:46:11.503 +05 [3804] СООБЩЕНИЕ:  не удалось открыть файл "./base/22052/2611": Invalid argument
2024-08-02 17:46:11.506 +05 [3804] СООБЩЕНИЕ:  unrecognized win32 error code: 395
2024-08-02 17:46:11.506 +05 [3804] СООБЩЕНИЕ:  не удалось открыть файл "./base/22052/2613": Invalid argument
2024-08-02 17:46:11.599 +05 [3804] СООБЩЕНИЕ:  unrecognized win32 error code: 395
2024-08-02 17:46:11.599 +05 [3804] СООБЩЕНИЕ:  не удалось открыть файл "./base/22052/2830": Invalid argument
2024-08-02 17:46:11.601 +05 [3804] СООБЩЕНИЕ:  unrecognized win32 error code: 395
2024-08-02 17:46:11.601 +05 [3804] СООБЩЕНИЕ:  не удалось открыть файл "./base/22052/2832": Invalid argument
2024-08-02 17:46:11.603 +05 [3804] СООБЩЕНИЕ:  unrecognized win32 error code: 395
2024-08-02 17:46:11.603 +05 [3804] СООБЩЕНИЕ:  не удалось открыть файл "./base/22052/2834": Invalid argument
2024-08-02 17:46:11.618 +05 [3804] СООБЩЕНИЕ:  unrecognized win32 error code: 395
2024-08-02 17:46:11.618 +05 [3804] СООБЩЕНИЕ:  не удалось открыть файл "./base/22052/2995": Invalid argument
2024-08-02 17:46:11.633 +05 [3804] СООБЩЕНИЕ:  unrecognized win32 error code: 395
2024-08-02 17:46:11.633 +05 [3804] СООБЩЕНИЕ:  не удалось открыть файл "./base/22052/3118": Invalid argument
2024-08-02 17:46:11.636 +05 [3804] СООБЩЕНИЕ:  unrecognized win32 error code: 395
2024-08-02 17:46:11.636 +05 [3804] СООБЩЕНИЕ:  не удалось открыть файл "./base/22052/3256": Invalid argument
2024-08-02 17:46:11.639 +05 [3804] СООБЩЕНИЕ:  unrecognized win32 error code: 395
2024-08-02 17:46:11.639 +05 [3804] СООБЩЕНИЕ:  не удалось открыть файл "./base/22052/3350": Invalid argument
2024-08-02 17:46:11.643 +05 [3804] СООБЩЕНИЕ:  unrecognized win32 error code: 395
2024-08-02 17:46:11.643 +05 [3804] СООБЩЕНИЕ:  не удалось открыть файл "./base/22052/3381": Invalid argument
2024-08-02 17:46:11.648 +05 [3804] СООБЩЕНИЕ:  unrecognized win32 error code: 395
2024-08-02 17:46:11.648 +05 [3804] СООБЩЕНИЕ:  не удалось открыть файл "./base/22052/3429": Invalid argument
2024-08-02 17:46:11.649 +05 [3804] СООБЩЕНИЕ:  unrecognized win32 error code: 395
2024-08-02 17:46:11.649 +05 [3804] СООБЩЕНИЕ:  не удалось открыть файл "./base/22052/3430": Invalid argument
2024-08-02 17:46:11.651 +05 [3804] СООБЩЕНИЕ:  unrecognized win32 error code: 395
2024-08-02 17:46:11.651 +05 [3804] СООБЩЕНИЕ:  не удалось открыть файл "./base/22052/3439": Invalid argument
2024-08-02 17:46:11.658 +05 [3804] СООБЩЕНИЕ:  unrecognized win32 error code: 395
2024-08-02 17:46:11.658 +05 [3804] СООБЩЕНИЕ:  не удалось открыть файл "./base/22052/3466": Invalid argument
2024-08-02 17:46:11.680 +05 [3804] СООБЩЕНИЕ:  unrecognized win32 error code: 395
2024-08-02 17:46:11.680 +05 [3804] СООБЩЕНИЕ:  не удалось открыть файл "./base/22052/3501": Invalid argument
2024-08-02 17:46:11.690 +05 [3804] СООБЩЕНИЕ:  unrecognized win32 error code: 395
2024-08-02 17:46:11.690 +05 [3804] СООБЩЕНИЕ:  не удалось открыть файл "./base/22052/3576": Invalid argument
2024-08-02 17:46:11.690 +05 [3804] СООБЩЕНИЕ:  unrecognized win32 error code: 395
2024-08-02 17:46:11.690 +05 [3804] СООБЩЕНИЕ:  не удалось открыть файл "./base/22052/3596": Invalid argument
2024-08-02 17:46:11.692 +05 [3804] СООБЩЕНИЕ:  unrecognized win32 error code: 395
2024-08-02 17:46:11.692 +05 [3804] СООБЩЕНИЕ:  не удалось открыть файл "./base/22052/3598": Invalid argument
2024-08-02 17:46:11.719 +05 [3804] СООБЩЕНИЕ:  unrecognized win32 error code: 395
2024-08-02 17:46:11.719 +05 [3804] СООБЩЕНИЕ:  не удалось открыть файл "./base/22052/4143": Invalid argument
2024-08-02 17:46:11.720 +05 [3804] СООБЩЕНИЕ:  unrecognized win32 error code: 395
2024-08-02 17:46:11.720 +05 [3804] СООБЩЕНИЕ:  не удалось открыть файл "./base/22052/4145": Invalid argument
2024-08-02 17:46:11.722 +05 [3804] СООБЩЕНИЕ:  unrecognized win32 error code: 395
2024-08-02 17:46:11.722 +05 [3804] СООБЩЕНИЕ:  не удалось открыть файл "./base/22052/4147": Invalid argument
2024-08-02 17:46:11.725 +05 [3804] СООБЩЕНИЕ:  unrecognized win32 error code: 395
2024-08-02 17:46:11.725 +05 [3804] СООБЩЕНИЕ:  не удалось открыть файл "./base/22052/4149": Invalid argument
2024-08-02 17:46:11.727 +05 [3804] СООБЩЕНИЕ:  unrecognized win32 error code: 395
2024-08-02 17:46:11.727 +05 [3804] СООБЩЕНИЕ:  не удалось открыть файл "./base/22052/4151": Invalid argument
2024-08-02 17:46:11.729 +05 [3804] СООБЩЕНИЕ:  unrecognized win32 error code: 395
2024-08-02 17:46:11.729 +05 [3804] СООБЩЕНИЕ:  не удалось открыть файл "./base/22052/4153": Invalid argument
2024-08-02 17:46:11.731 +05 [3804] СООБЩЕНИЕ:  unrecognized win32 error code: 395
2024-08-02 17:46:11.731 +05 [3804] СООБЩЕНИЕ:  не удалось открыть файл "./base/22052/4155": Invalid argument
2024-08-02 17:46:11.733 +05 [3804] СООБЩЕНИЕ:  unrecognized win32 error code: 395
2024-08-02 17:46:11.733 +05 [3804] СООБЩЕНИЕ:  не удалось открыть файл "./base/22052/4157": Invalid argument
2024-08-02 17:46:11.735 +05 [3804] СООБЩЕНИЕ:  unrecognized win32 error code: 395
2024-08-02 17:46:11.735 +05 [3804] СООБЩЕНИЕ:  не удалось открыть файл "./base/22052/4159": Invalid argument
2024-08-02 17:46:11.737 +05 [3804] СООБЩЕНИЕ:  unrecognized win32 error code: 395
2024-08-02 17:46:11.737 +05 [3804] СООБЩЕНИЕ:  не удалось открыть файл "./base/22052/4163": Invalid argument
2024-08-02 17:46:11.738 +05 [3804] СООБЩЕНИЕ:  unrecognized win32 error code: 395
2024-08-02 17:46:11.738 +05 [3804] СООБЩЕНИЕ:  не удалось открыть файл "./base/22052/4165": Invalid argument
2024-08-02 17:46:11.740 +05 [3804] СООБЩЕНИЕ:  unrecognized win32 error code: 395
2024-08-02 17:46:11.740 +05 [3804] СООБЩЕНИЕ:  не удалось открыть файл "./base/22052/4167": Invalid argument
2024-08-02 17:46:11.742 +05 [3804] СООБЩЕНИЕ:  unrecognized win32 error code: 395
2024-08-02 17:46:11.742 +05 [3804] СООБЩЕНИЕ:  не удалось открыть файл "./base/22052/4169": Invalid argument
2024-08-02 17:46:11.743 +05 [3804] СООБЩЕНИЕ:  unrecognized win32 error code: 395
2024-08-02 17:46:11.743 +05 [3804] СООБЩЕНИЕ:  не удалось открыть файл "./base/22052/4171": Invalid argument
2024-08-02 17:46:11.745 +05 [3804] СООБЩЕНИЕ:  unrecognized win32 error code: 395
2024-08-02 17:46:11.745 +05 [3804] СООБЩЕНИЕ:  не удалось открыть файл "./base/22052/4173": Invalid argument
2024-08-02 17:46:11.750 +05 [3804] СООБЩЕНИЕ:  unrecognized win32 error code: 395
2024-08-02 17:46:11.750 +05 [3804] СООБЩЕНИЕ:  не удалось открыть файл "./base/22052/6102": Invalid argument
2024-08-02 17:46:11.751 +05 [3804] СООБЩЕНИЕ:  unrecognized win32 error code: 395
2024-08-02 17:46:11.751 +05 [3804] СООБЩЕНИЕ:  не удалось открыть файл "./base/22052/6104": Invalid argument
2024-08-02 17:46:11.752 +05 [3804] СООБЩЕНИЕ:  unrecognized win32 error code: 395
2024-08-02 17:46:11.752 +05 [3804] СООБЩЕНИЕ:  не удалось открыть файл "./base/22052/6106": Invalid argument
2024-08-02 17:46:11.772 +05 [3804] СООБЩЕНИЕ:  unrecognized win32 error code: 395
2024-08-02 17:46:11.772 +05 [3804] СООБЩЕНИЕ:  не удалось открыть файл "./base/22052/6175": Invalid argument
2024-08-02 17:46:11.774 +05 [3804] СООБЩЕНИЕ:  unrecognized win32 error code: 395
2024-08-02 17:46:11.774 +05 [3804] СООБЩЕНИЕ:  не удалось открыть файл "./base/22052/6228": Invalid argument
2024-08-02 17:46:11.776 +05 [3804] СООБЩЕНИЕ:  unrecognized win32 error code: 395
2024-08-02 17:46:11.776 +05 [3804] СООБЩЕНИЕ:  не удалось открыть файл "./base/22052/6237": Invalid argument
2024-08-02 17:46:11.779 +05 [3804] СООБЩЕНИЕ:  unrecognized win32 error code: 395
2024-08-02 17:46:11.779 +05 [3804] СООБЩЕНИЕ:  не удалось открыть файл "./base/22052/826": Invalid argument
2024-08-02 17:46:12.934 +05 [3804] СООБЩЕНИЕ:  система БД была остановлена нештатно; производится автоматическое восстановление
2024-08-02 17:46:12.983 +05 [3804] СООБЩЕНИЕ:  запись REDO начинается со смещения 0/DA68128
2024-08-02 17:46:12.983 +05 [3804] СООБЩЕНИЕ:  неверная длина записи в позиции 0/DA68210: ожидалось минимум 24, получено 0
2024-08-02 17:46:12.983 +05 [3804] СООБЩЕНИЕ:  записи REDO обработаны до смещения 0/DA681D8, нагрузка системы: CPU: пользов.: 0.00 с, система: 0.00 с, прошло: 0.00 с
2024-08-02 17:46:13.059 +05 [4680] СООБЩЕНИЕ:  начата контрольная точка: end-of-recovery immediate wait
2024-08-02 17:46:13.203 +05 [4680] СООБЩЕНИЕ:  контрольная точка завершена: записано буферов: 3 (0.0%); добавлено файлов WAL 0, удалено: 0, переработано: 0; запись=0.004 сек., синхр.=0.050 сек., всего=0.174 сек.; синхронизировано_файлов=2, самая_долгая_синхр.=0.038 сек., средняя=0.025 сек.; расстояние=0 kB, ожидалось=0 kB; lsn=0/DA68210, lsn redo=0/DA68210
